         300
     1    65.000    28.000     4.000
     2    65.000    23.333     4.000
     3    65.000    14.000     4.000
     4    65.000     0.000     4.000
     5    48.750    28.000     4.000
     6    48.750    23.333     4.000
     7    48.750    14.000     4.000
     8    48.750     0.000     4.000
     9     0.000    28.000     4.000
    10     0.000    23.333     4.000
    11     0.000    14.000     4.000
    12     0.000     0.000     4.000
    13   -48.750    28.000     4.000
    14   -48.750    23.333     4.000
    15   -48.750    14.000     4.000
    16   -48.750     0.000     4.000
    17   -65.000    28.000     4.000
    18   -65.000    23.333     4.000
    19   -65.000    14.000     4.000
    20   -65.000     0.000     4.000
    21    65.000    28.000     3.800
    22    65.000    23.333     3.800
    23    65.000    14.000     3.800
    24    65.000     0.000     3.800
    25    48.750    28.000     3.800
    26    48.750    23.333     3.800
    27    48.750    14.000     3.800
    28    48.750     0.000     3.800
    29     0.000    28.000     3.800
    30     0.000    23.333     3.800
    31     0.000    14.000     3.800
    32     0.000     0.000     3.800
    33   -48.750    28.000     3.800
    34   -48.750    23.333     3.800
    35   -48.750    14.000     3.800
    36   -48.750     0.000     3.800
    37   -65.000    28.000     3.800
    38   -65.000    23.333     3.800
    39   -65.000    14.000     3.800
    40   -65.000     0.000     3.800
    41    65.000    28.000     3.400
    42    65.000    23.333     3.400
    43    65.000    14.000     3.400
    44    65.000     0.000     3.400
    45    48.750    28.000     3.400
    46    48.750    23.333     3.400
    47    48.750    14.000     3.400
    48    48.750     0.000     3.400
    49     0.000    28.000     3.400
    50     0.000    23.333     3.400
    51     0.000    14.000     3.400
    52     0.000     0.000     3.400
    53   -48.750    28.000     3.400
    54   -48.750    23.333     3.400
    55   -48.750    14.000     3.400
    56   -48.750     0.000     3.400
    57   -65.000    28.000     3.400
    58   -65.000    23.333     3.400
    59   -65.000    14.000     3.400
    60   -65.000     0.000     3.400
    61    65.000    28.000     3.000
    62    65.000    23.333     3.000
    63    65.000    14.000     3.000
    64    65.000     0.000     3.000
    65    48.750    28.000     3.000
    66    48.750    23.333     3.000
    67    48.750    14.000     3.000
    68    48.750     0.000     3.000
    69     0.000    28.000     3.000
    70     0.000    23.333     3.000
    71     0.000    14.000     3.000
    72     0.000     0.000     3.000
    73   -48.750    28.000     3.000
    74   -48.750    23.333     3.000
    75   -48.750    14.000     3.000
    76   -48.750     0.000     3.000
    77   -65.000    28.000     3.000
    78   -65.000    23.333     3.000
    79   -65.000    14.000     3.000
    80   -65.000     0.000     3.000
    81    65.000    28.000     2.000
    82    65.000    23.333     2.000
    83    65.000    14.000     2.000
    84    65.000     0.000     2.000
    85    48.750    28.000     2.000
    86    48.750    23.333     2.000
    87    48.750    14.000     2.000
    88    48.750     0.000     2.000
    89     0.000    28.000     2.000
    90     0.000    23.333     2.000
    91     0.000    14.000     2.000
    92     0.000     0.000     2.000
    93   -48.750    28.000     2.000
    94   -48.750    23.333     2.000
    95   -48.750    14.000     2.000
    96   -48.750     0.000     2.000
    97   -65.000    28.000     2.000
    98   -65.000    23.333     2.000
    99   -65.000    14.000     2.000
   100   -65.000     0.000     2.000
   101    65.000    28.000     1.000
   102    65.000    23.333     1.000
   103    65.000    14.000     1.000
   104    65.000     0.000     1.000
   105    48.750    28.000     1.000
   106    48.750    23.333     1.000
   107    48.750    14.000     1.000
   108    48.750     0.000     1.000
   109     0.000    28.000     1.000
   110     0.000    23.333     1.000
   111     0.000    14.000     1.000
   112     0.000     0.000     1.000
   113   -48.750    28.000     1.000
   114   -48.750    23.333     1.000
   115   -48.750    14.000     1.000
   116   -48.750     0.000     1.000
   117   -65.000    28.000     1.000
   118   -65.000    23.333     1.000
   119   -65.000    14.000     1.000
   120   -65.000     0.000     1.000
   121    65.000    28.000     0.000
   122    65.000    23.333     0.000
   123    65.000    14.000     0.000
   124    65.000     0.000     0.000
   125    48.750    28.000     0.000
   126    48.750    23.333     0.000
   127    48.750    14.000     0.000
   128    48.750     0.000     0.000
   129     0.000    28.000     0.000
   130     0.000    23.333     0.000
   131     0.000    14.000     0.000
   132     0.000     0.000     0.000
   133   -48.750    28.000     0.000
   134   -48.750    23.333     0.000
   135   -48.750    14.000     0.000
   136   -48.750     0.000     0.000
   137   -65.000    28.000     0.000
   138   -65.000    23.333     0.000
   139   -65.000    14.000     0.000
   140   -65.000     0.000     0.000
   141    65.000    28.000    -1.000
   142    65.000    23.333    -1.000
   143    65.000    14.000    -1.000
   144    65.000     0.000    -1.000
   145    48.750    28.000    -1.000
   146    48.750    23.333    -1.000
   147    48.750    14.000    -1.000
   148    48.750     0.000    -1.000
   149     0.000    28.000    -1.000
   150     0.000    23.333    -1.000
   151     0.000    14.000    -1.000
   152     0.000     0.000    -1.000
   153   -48.750    28.000    -1.000
   154   -48.750    23.333    -1.000
   155   -48.750    14.000    -1.000
   156   -48.750     0.000    -1.000
   157   -65.000    28.000    -1.000
   158   -65.000    23.333    -1.000
   159   -65.000    14.000    -1.000
   160   -65.000     0.000    -1.000
   161    65.000    28.000    -2.000
   162    65.000    23.333    -2.000
   163    65.000    14.000    -2.000
   164    65.000     0.000    -2.000
   165    48.750    28.000    -2.000
   166    48.750    23.333    -2.000
   167    48.750    14.000    -2.000
   168    48.750     0.000    -2.000
   169     0.000    28.000    -2.000
   170     0.000    23.333    -2.000
   171     0.000    14.000    -2.000
   172     0.000     0.000    -2.000
   173   -48.750    28.000    -2.000
   174   -48.750    23.333    -2.000
   175   -48.750    14.000    -2.000
   176   -48.750     0.000    -2.000
   177   -65.000    28.000    -2.000
   178   -65.000    23.333    -2.000
   179   -65.000    14.000    -2.000
   180   -65.000     0.000    -2.000
   181    65.000    28.000    -4.000
   182    65.000    23.333    -4.000
   183    65.000    14.000    -4.000
   184    65.000     0.000    -4.000
   185    48.750    28.000    -4.000
   186    48.750    23.333    -4.000
   187    48.750    14.000    -4.000
   188    48.750     0.000    -4.000
   189     0.000    28.000    -4.000
   190     0.000    23.333    -4.000
   191     0.000    14.000    -4.000
   192     0.000     0.000    -4.000
   193   -48.750    28.000    -4.000
   194   -48.750    23.333    -4.000
   195   -48.750    14.000    -4.000
   196   -48.750     0.000    -4.000
   197   -65.000    28.000    -4.000
   198   -65.000    23.333    -4.000
   199   -65.000    14.000    -4.000
   200   -65.000     0.000    -4.000
   201    65.000    28.000    -6.000
   202    65.000    23.333    -6.000
   203    65.000    14.000    -6.000
   204    65.000     0.000    -6.000
   205    48.750    28.000    -6.000
   206    48.750    23.333    -6.000
   207    48.750    14.000    -6.000
   208    48.750     0.000    -6.000
   209     0.000    28.000    -6.000
   210     0.000    23.333    -6.000
   211     0.000    14.000    -6.000
   212     0.000     0.000    -6.000
   213   -48.750    28.000    -6.000
   214   -48.750    23.333    -6.000
   215   -48.750    14.000    -6.000
   216   -48.750     0.000    -6.000
   217   -65.000    28.000    -6.000
   218   -65.000    23.333    -6.000
   219   -65.000    14.000    -6.000
   220   -65.000     0.000    -6.000
   221    65.000    28.000    -8.000
   222    65.000    23.333    -8.000
   223    65.000    14.000    -8.000
   224    65.000     0.000    -8.000
   225    48.750    28.000    -8.000
   226    48.750    23.333    -8.000
   227    48.750    14.000    -8.000
   228    48.750     0.000    -8.000
   229     0.000    28.000    -8.000
   230     0.000    23.333    -8.000
   231     0.000    14.000    -8.000
   232     0.000     0.000    -8.000
   233   -48.750    28.000    -8.000
   234   -48.750    23.333    -8.000
   235   -48.750    14.000    -8.000
   236   -48.750     0.000    -8.000
   237   -65.000    28.000    -8.000
   238   -65.000    23.333    -8.000
   239   -65.000    14.000    -8.000
   240   -65.000     0.000    -8.000
   241    65.000    28.000   -10.000
   242    65.000    23.333   -10.000
   243    65.000    14.000   -10.000
   244    65.000     0.000   -10.000
   245    48.750    28.000   -10.000
   246    48.750    23.333   -10.000
   247    48.750    14.000   -10.000
   248    48.750     0.000   -10.000
   249     0.000    28.000   -10.000
   250     0.000    23.333   -10.000
   251     0.000    14.000   -10.000
   252     0.000     0.000   -10.000
   253   -48.750    28.000   -10.000
   254   -48.750    23.333   -10.000
   255   -48.750    14.000   -10.000
   256   -48.750     0.000   -10.000
   257   -65.000    28.000   -10.000
   258   -65.000    23.333   -10.000
   259   -65.000    14.000   -10.000
   260   -65.000     0.000   -10.000
   261    65.000    28.000   -12.000
   262    65.000    23.333   -12.000
   263    65.000    14.000   -12.000
   264    65.000     0.000   -12.000
   265    48.750    28.000   -12.000
   266    48.750    23.333   -12.000
   267    48.750    14.000   -12.000
   268    48.750     0.000   -12.000
   269     0.000    28.000   -12.000
   270     0.000    23.333   -12.000
   271     0.000    14.000   -12.000
   272     0.000     0.000   -12.000
   273   -48.750    28.000   -12.000
   274   -48.750    23.333   -12.000
   275   -48.750    14.000   -12.000
   276   -48.750     0.000   -12.000
   277   -65.000    28.000   -12.000
   278   -65.000    23.333   -12.000
   279   -65.000    14.000   -12.000
   280   -65.000     0.000   -12.000
   281    65.000    28.000   -14.000
   282    65.000    23.333   -14.000
   283    65.000    14.000   -14.000
   284    65.000     0.000   -14.000
   285    48.750    28.000   -14.000
   286    48.750    23.333   -14.000
   287    48.750    14.000   -14.000
   288    48.750     0.000   -14.000
   289     0.000    28.000   -14.000
   290     0.000    23.333   -14.000
   291     0.000    14.000   -14.000
   292     0.000     0.000   -14.000
   293   -48.750    28.000   -14.000
   294   -48.750    23.333   -14.000
   295   -48.750    14.000   -14.000
   296   -48.750     0.000   -14.000
   297   -65.000    28.000   -14.000
   298   -65.000    23.333   -14.000
   299   -65.000    14.000   -14.000
   300   -65.000     0.000   -14.000
         168
     1     6     2     1     5    26    22    21    25   2
     2     7     3     2     6    27    23    22    26   2
     3     8     4     3     7    28    24    23    27   2
     4    10     6     5     9    30    26    25    29   2
     5    11     7     6    10    31    27    26    30   2
     6    12     8     7    11    32    28    27    31   2
     7    14    10     9    13    34    30    29    33   2
     8    15    11    10    14    35    31    30    34   2
     9    16    12    11    15    36    32    31    35   2
    10    18    14    13    17    38    34    33    37   2
    11    19    15    14    18    39    35    34    38   2
    12    20    16    15    19    40    36    35    39   2
    13    26    22    21    25    46    42    41    45   2
    14    27    23    22    26    47    43    42    46   2
    15    28    24    23    27    48    44    43    47   2
    16    30    26    25    29    50    46    45    49   2
    17    31    27    26    30    51    47    46    50   2
    18    32    28    27    31    52    48    47    51   2
    19    34    30    29    33    54    50    49    53   2
    20    35    31    30    34    55    51    50    54   2
    21    36    32    31    35    56    52    51    55   2
    22    38    34    33    37    58    54    53    57   2
    23    39    35    34    38    59    55    54    58   2
    24    40    36    35    39    60    56    55    59   2
    25    46    42    41    45    66    62    61    65   2
    26    47    43    42    46    67    63    62    66   2
    27    48    44    43    47    68    64    63    67   2
    28    50    46    45    49    70    66    65    69   2
    29    51    47    46    50    71    67    66    70   2
    30    52    48    47    51    72    68    67    71   2
    31    54    50    49    53    74    70    69    73   2
    32    55    51    50    54    75    71    70    74   2
    33    56    52    51    55    76    72    71    75   2
    34    58    54    53    57    78    74    73    77   2
    35    59    55    54    58    79    75    74    78   2
    36    60    56    55    59    80    76    75    79   2
    37    66    62    61    65    86    82    81    85   2
    38    67    63    62    66    87    83    82    86   2
    39    68    64    63    67    88    84    83    87   2
    40    70    66    65    69    90    86    85    89   2
    41    71    67    66    70    91    87    86    90   2
    42    72    68    67    71    92    88    87    91   2
    43    74    70    69    73    94    90    89    93   2
    44    75    71    70    74    95    91    90    94   2
    45    76    72    71    75    96    92    91    95   2
    46    78    74    73    77    98    94    93    97   2
    47    79    75    74    78    99    95    94    98   2
    48    80    76    75    79   100    96    95    99   2
    49    86    82    81    85   106   102   101   105   2
    50    87    83    82    86   107   103   102   106   2
    51    88    84    83    87   108   104   103   107   2
    52    90    86    85    89   110   106   105   109   2
    53    91    87    86    90   111   107   106   110   2
    54    92    88    87    91   112   108   107   111   2
    55    94    90    89    93   114   110   109   113   2
    56    95    91    90    94   115   111   110   114   2
    57    96    92    91    95   116   112   111   115   2
    58    98    94    93    97   118   114   113   117   2
    59    99    95    94    98   119   115   114   118   2
    60   100    96    95    99   120   116   115   119   2
    61   106   102   101   105   126   122   121   125   2
    62   107   103   102   106   127   123   122   126   2
    63   108   104   103   107   128   124   123   127   2
    64   110   106   105   109   130   126   125   129   2
    65   111   107   106   110   131   127   126   130   2
    66   112   108   107   111   132   128   127   131   2
    67   114   110   109   113   134   130   129   133   2
    68   115   111   110   114   135   131   130   134   2
    69   116   112   111   115   136   132   131   135   2
    70   118   114   113   117   138   134   133   137   2
    71   119   115   114   118   139   135   134   138   2
    72   120   116   115   119   140   136   135   139   2
    73   126   122   121   125   146   142   141   145   2
    74   127   123   122   126   147   143   142   146   2
    75   128   124   123   127   148   144   143   147   2
    76   130   126   125   129   150   146   145   149   2
    77   131   127   126   130   151   147   146   150   2
    78   132   128   127   131   152   148   147   151   2
    79   134   130   129   133   154   150   149   153   2
    80   135   131   130   134   155   151   150   154   2
    81   136   132   131   135   156   152   151   155   2
    82   138   134   133   137   158   154   153   157   2
    83   139   135   134   138   159   155   154   158   2
    84   140   136   135   139   160   156   155   159   2
    85   146   142   141   145   166   162   161   165   2
    86   147   143   142   146   167   163   162   166   2
    87   148   144   143   147   168   164   163   167   2
    88   150   146   145   149   170   166   165   169   2
    89   151   147   146   150   171   167   166   170   2
    90   152   148   147   151   172   168   167   171   2
    91   154   150   149   153   174   170   169   173   2
    92   155   151   150   154   175   171   170   174   2
    93   156   152   151   155   176   172   171   175   2
    94   158   154   153   157   178   174   173   177   2
    95   159   155   154   158   179   175   174   178   2
    96   160   156   155   159   180   176   175   179   2
    97   166   162   161   165   186   182   181   185   2
    98   167   163   162   166   187   183   182   186   2
    99   168   164   163   167   188   184   183   187   2
   100   170   166   165   169   190   186   185   189   2
   101   171   167   166   170   191   187   186   190   2
   102   172   168   167   171   192   188   187   191   2
   103   174   170   169   173   194   190   189   193   2
   104   175   171   170   174   195   191   190   194   2
   105   176   172   171   175   196   192   191   195   2
   106   178   174   173   177   198   194   193   197   2
   107   179   175   174   178   199   195   194   198   2
   108   180   176   175   179   200   196   195   199   2
   109   186   182   181   185   206   202   201   205   2
   110   187   183   182   186   207   203   202   206   2
   111   188   184   183   187   208   204   203   207   2
   112   190   186   185   189   210   206   205   209   2
   113   191   187   186   190   211   207   206   210   2
   114   192   188   187   191   212   208   207   211   2
   115   194   190   189   193   214   210   209   213   2
   116   195   191   190   194   215   211   210   214   2
   117   196   192   191   195   216   212   211   215   2
   118   198   194   193   197   218   214   213   217   2
   119   199   195   194   198   219   215   214   218   2
   120   200   196   195   199   220   216   215   219   2
   121   206   202   201   205   226   222   221   225   2
   122   207   203   202   206   227   223   222   226   2
   123   208   204   203   207   228   224   223   227   2
   124   210   206   205   209   230   226   225   229   2
   125   211   207   206   210   231   227   226   230   2
   126   212   208   207   211   232   228   227   231   2
   127   214   210   209   213   234   230   229   233   2
   128   215   211   210   214   235   231   230   234   2
   129   216   212   211   215   236   232   231   235   2
   130   218   214   213   217   238   234   233   237   2
   131   219   215   214   218   239   235   234   238   2
   132   220   216   215   219   240   236   235   239   2
   133   226   222   221   225   246   242   241   245   2
   134   227   223   222   226   247   243   242   246   2
   135   228   224   223   227   248   244   243   247   2
   136   230   226   225   229   250   246   245   249   2
   137   231   227   226   230   251   247   246   250   2
   138   232   228   227   231   252   248   247   251   2
   139   234   230   229   233   254   250   249   253   2
   140   235   231   230   234   255   251   250   254   2
   141   236   232   231   235   256   252   251   255   2
   142   238   234   233   237   258   254   253   257   2
   143   239   235   234   238   259   255   254   258   2
   144   240   236   235   239   260   256   255   259   2
   145   246   242   241   245   266   262   261   265   1
   146   247   243   242   246   267   263   262   266   1
   147   248   244   243   247   268   264   263   267   1
   148   250   246   245   249   270   266   265   269   1
   149   251   247   246   250   271   267   266   270   1
   150   252   248   247   251   272   268   267   271   1
   151   254   250   249   253   274   270   269   273   1
   152   255   251   250   254   275   271   270   274   1
   153   256   252   251   255   276   272   271   275   1
   154   258   254   253   257   278   274   273   277   1
   155   259   255   254   258   279   275   274   278   1
   156   260   256   255   259   280   276   275   279   1
   157   266   262   261   265   286   282   281   285   1
   158   267   263   262   266   287   283   282   286   1
   159   268   264   263   267   288   284   283   287   1
   160   270   266   265   269   290   286   285   289   1
   161   271   267   266   270   291   287   286   290   1
   162   272   268   267   271   292   288   287   291   1
   163   274   270   269   273   294   290   289   293   1
   164   275   271   270   274   295   291   290   294   1
   165   276   272   271   275   296   292   291   295   1
   166   278   274   273   277   298   294   293   297   1
   167   279   275   274   278   299   295   294   298   1
   168   280   276   275   279   300   296   295   299   1
