         300
     1    65.000    28.000     4.000
     2    65.000    23.333     4.000
     3    65.000    14.000     4.000
     4    65.000     0.000     4.000
     5    48.750    28.000     4.000
     6    48.750    23.333     4.000
     7    48.750    14.000     4.000
     8    48.750     0.000     4.000
     9     0.000    28.000     4.000
    10     0.000    23.333     4.000
    11     0.000    14.000     4.000
    12     0.000     0.000     4.000
    13   -48.750    28.000     4.000
    14   -48.750    23.333     4.000
    15   -48.750    14.000     4.000
    16   -48.750     0.000     4.000
    17   -65.000    28.000     4.000
    18   -65.000    23.333     4.000
    19   -65.000    14.000     4.000
    20   -65.000     0.000     4.000
    21    65.000    28.000     3.800
    22    65.000    23.333     3.800
    23    65.000    14.000     3.800
    24    65.000     0.000     3.800
    25    48.750    28.000     3.800
    26    48.750    23.333     3.800
    27    48.750    14.000     3.800
    28    48.750     0.000     3.800
    29     0.000    28.000     3.800
    30     0.000    23.333     3.800
    31     0.000    14.000     3.800
    32     0.000     0.000     3.800
    33   -48.750    28.000     3.800
    34   -48.750    23.333     3.800
    35   -48.750    14.000     3.800
    36   -48.750     0.000     3.800
    37   -65.000    28.000     3.800
    38   -65.000    23.333     3.800
    39   -65.000    14.000     3.800
    40   -65.000     0.000     3.800
    41    65.000    28.000     3.400
    42    65.000    23.333     3.400
    43    65.000    14.000     3.400
    44    65.000     0.000     3.400
    45    48.750    28.000     3.400
    46    48.750    23.333     3.400
    47    48.750    14.000     3.400
    48    48.750     0.000     3.400
    49     0.000    28.000     3.400
    50     0.000    23.333     3.400
    51     0.000    14.000     3.400
    52     0.000     0.000     3.400
    53   -48.750    28.000     3.400
    54   -48.750    23.333     3.400
    55   -48.750    14.000     3.400
    56   -48.750     0.000     3.400
    57   -65.000    28.000     3.400
    58   -65.000    23.333     3.400
    59   -65.000    14.000     3.400
    60   -65.000     0.000     3.400
    61    65.000    28.000     3.000
    62    65.000    23.333     3.000
    63    65.000    14.000     3.000
    64    65.000     0.000     3.000
    65    48.750    28.000     3.000
    66    48.750    23.333     3.000
    67    48.750    14.000     3.000
    68    48.750     0.000     3.000
    69     0.000    28.000     3.000
    70     0.000    23.333     3.000
    71     0.000    14.000     3.000
    72     0.000     0.000     3.000
    73   -48.750    28.000     3.000
    74   -48.750    23.333     3.000
    75   -48.750    14.000     3.000
    76   -48.750     0.000     3.000
    77   -65.000    28.000     3.000
    78   -65.000    23.333     3.000
    79   -65.000    14.000     3.000
    80   -65.000     0.000     3.000
    81    65.000    28.000     2.000
    82    65.000    23.333     2.000
    83    65.000    14.000     2.000
    84    65.000     0.000     2.000
    85    48.750    28.000     2.000
    86    48.750    23.333     2.000
    87    48.750    14.000     2.000
    88    48.750     0.000     2.000
    89     0.000    28.000     2.000
    90     0.000    23.333     2.000
    91     0.000    14.000     2.000
    92     0.000     0.000     2.000
    93   -48.750    28.000     2.000
    94   -48.750    23.333     2.000
    95   -48.750    14.000     2.000
    96   -48.750     0.000     2.000
    97   -65.000    28.000     2.000
    98   -65.000    23.333     2.000
    99   -65.000    14.000     2.000
   100   -65.000     0.000     2.000
   101    65.000    28.000     1.000
   102    65.000    23.333     1.000
   103    65.000    14.000     1.000
   104    65.000     0.000     1.000
   105    48.750    28.000     1.000
   106    48.750    23.333     1.000
   107    48.750    14.000     1.000
   108    48.750     0.000     1.000
   109     0.000    28.000     1.000
   110     0.000    23.333     1.000
   111     0.000    14.000     1.000
   112     0.000     0.000     1.000
   113   -48.750    28.000     1.000
   114   -48.750    23.333     1.000
   115   -48.750    14.000     1.000
   116   -48.750     0.000     1.000
   117   -65.000    28.000     1.000
   118   -65.000    23.333     1.000
   119   -65.000    14.000     1.000
   120   -65.000     0.000     1.000
   121    65.000    28.000     0.000
   122    65.000    23.333     0.000
   123    65.000    14.000     0.000
   124    65.000     0.000     0.000
   125    48.750    28.000     0.000
   126    48.750    23.333     0.000
   127    48.750    14.000     0.000
   128    48.750     0.000     0.000
   129     0.000    28.000     0.000
   130     0.000    23.333     0.000
   131     0.000    14.000     0.000
   132     0.000     0.000     0.000
   133   -48.750    28.000     0.000
   134   -48.750    23.333     0.000
   135   -48.750    14.000     0.000
   136   -48.750     0.000     0.000
   137   -65.000    28.000     0.000
   138   -65.000    23.333     0.000
   139   -65.000    14.000     0.000
   140   -65.000     0.000     0.000
   141    65.000    28.000    -1.000
   142    65.000    23.333    -1.000
   143    65.000    14.000    -1.000
   144    65.000     0.000    -1.000
   145    48.750    28.000    -1.000
   146    48.750    23.333    -1.000
   147    48.750    14.000    -1.000
   148    48.750     0.000    -1.000
   149     0.000    28.000    -1.000
   150     0.000    23.333    -1.000
   151     0.000    14.000    -1.000
   152     0.000     0.000    -1.000
   153   -48.750    28.000    -1.000
   154   -48.750    23.333    -1.000
   155   -48.750    14.000    -1.000
   156   -48.750     0.000    -1.000
   157   -65.000    28.000    -1.000
   158   -65.000    23.333    -1.000
   159   -65.000    14.000    -1.000
   160   -65.000     0.000    -1.000
   161    65.000    28.000    -2.000
   162    65.000    23.333    -2.000
   163    65.000    14.000    -2.000
   164    65.000     0.000    -2.000
   165    48.750    28.000    -2.000
   166    48.750    23.333    -2.000
   167    48.750    14.000    -2.000
   168    48.750     0.000    -2.000
   169     0.000    28.000    -2.000
   170     0.000    23.333    -2.000
   171     0.000    14.000    -2.000
   172     0.000     0.000    -2.000
   173   -48.750    28.000    -2.000
   174   -48.750    23.333    -2.000
   175   -48.750    14.000    -2.000
   176   -48.750     0.000    -2.000
   177   -65.000    28.000    -2.000
   178   -65.000    23.333    -2.000
   179   -65.000    14.000    -2.000
   180   -65.000     0.000    -2.000
   181    65.000    28.000    -4.000
   182    65.000    23.333    -4.000
   183    65.000    14.000    -4.000
   184    65.000     0.000    -4.000
   185    48.750    28.000    -4.000
   186    48.750    23.333    -4.000
   187    48.750    14.000    -4.000
   188    48.750     0.000    -4.000
   189     0.000    28.000    -4.000
   190     0.000    23.333    -4.000
   191     0.000    14.000    -4.000
   192     0.000     0.000    -4.000
   193   -48.750    28.000    -4.000
   194   -48.750    23.333    -4.000
   195   -48.750    14.000    -4.000
   196   -48.750     0.000    -4.000
   197   -65.000    28.000    -4.000
   198   -65.000    23.333    -4.000
   199   -65.000    14.000    -4.000
   200   -65.000     0.000    -4.000
   201    65.000    28.000    -6.000
   202    65.000    23.333    -6.000
   203    65.000    14.000    -6.000
   204    65.000     0.000    -6.000
   205    48.750    28.000    -6.000
   206    48.750    23.333    -6.000
   207    48.750    14.000    -6.000
   208    48.750     0.000    -6.000
   209     0.000    28.000    -6.000
   210     0.000    23.333    -6.000
   211     0.000    14.000    -6.000
   212     0.000     0.000    -6.000
   213   -48.750    28.000    -6.000
   214   -48.750    23.333    -6.000
   215   -48.750    14.000    -6.000
   216   -48.750     0.000    -6.000
   217   -65.000    28.000    -6.000
   218   -65.000    23.333    -6.000
   219   -65.000    14.000    -6.000
   220   -65.000     0.000    -6.000
   221    65.000    28.000    -8.000
   222    65.000    23.333    -8.000
   223    65.000    14.000    -8.000
   224    65.000     0.000    -8.000
   225    48.750    28.000    -8.000
   226    48.750    23.333    -8.000
   227    48.750    14.000    -8.000
   228    48.750     0.000    -8.000
   229     0.000    28.000    -8.000
   230     0.000    23.333    -8.000
   231     0.000    14.000    -8.000
   232     0.000     0.000    -8.000
   233   -48.750    28.000    -8.000
   234   -48.750    23.333    -8.000
   235   -48.750    14.000    -8.000
   236   -48.750     0.000    -8.000
   237   -65.000    28.000    -8.000
   238   -65.000    23.333    -8.000
   239   -65.000    14.000    -8.000
   240   -65.000     0.000    -8.000
   241    65.000    28.000   -10.000
   242    65.000    23.333   -10.000
   243    65.000    14.000   -10.000
   244    65.000     0.000   -10.000
   245    48.750    28.000   -10.000
   246    48.750    23.333   -10.000
   247    48.750    14.000   -10.000
   248    48.750     0.000   -10.000
   249     0.000    28.000   -10.000
   250     0.000    23.333   -10.000
   251     0.000    14.000   -10.000
   252     0.000     0.000   -10.000
   253   -48.750    28.000   -10.000
   254   -48.750    23.333   -10.000
   255   -48.750    14.000   -10.000
   256   -48.750     0.000   -10.000
   257   -65.000    28.000   -10.000
   258   -65.000    23.333   -10.000
   259   -65.000    14.000   -10.000
   260   -65.000     0.000   -10.000
   261    65.000    28.000   -12.000
   262    65.000    23.333   -12.000
   263    65.000    14.000   -12.000
   264    65.000     0.000   -12.000
   265    48.750    28.000   -12.000
   266    48.750    23.333   -12.000
   267    48.750    14.000   -12.000
   268    48.750     0.000   -12.000
   269     0.000    28.000   -12.000
   270     0.000    23.333   -12.000
   271     0.000    14.000   -12.000
   272     0.000     0.000   -12.000
   273   -48.750    28.000   -12.000
   274   -48.750    23.333   -12.000
   275   -48.750    14.000   -12.000
   276   -48.750     0.000   -12.000
   277   -65.000    28.000   -12.000
   278   -65.000    23.333   -12.000
   279   -65.000    14.000   -12.000
   280   -65.000     0.000   -12.000
   281    65.000    28.000   -14.000
   282    65.000    23.333   -14.000
   283    65.000    14.000   -14.000
   284    65.000     0.000   -14.000
   285    48.750    28.000   -14.000
   286    48.750    23.333   -14.000
   287    48.750    14.000   -14.000
   288    48.750     0.000   -14.000
   289     0.000    28.000   -14.000
   290     0.000    23.333   -14.000
   291     0.000    14.000   -14.000
   292     0.000     0.000   -14.000
   293   -48.750    28.000   -14.000
   294   -48.750    23.333   -14.000
   295   -48.750    14.000   -14.000
   296   -48.750     0.000   -14.000
   297   -65.000    28.000   -14.000
   298   -65.000    23.333   -14.000
   299   -65.000    14.000   -14.000
   300   -65.000     0.000   -14.000
