 10#-2018.50-1         263    24.160  13.180  15.750   8.620   9.120   0.000   0.000  13.181   0.000   0.001   0.000     2020051321  0.3054E-02  0.2852E-02  0.2869E-02  0.5062E-02  0.2305E-01  0.7377E-02     OK-Passed........      15.75
 10#-2018.50-2         263    24.160  12.640  15.750   8.680   0.000   0.000   0.000  12.641   0.000   0.001   0.000     2020051321  0.1174E-02  0.1455E-02  0.2369E-02  0.6158E-02  0.1447E-01  0.5125E-02     OK-Passed........      15.75
 10#-2018.50-3         263    24.160  13.560  15.750   8.930   0.000   0.000   0.000  13.561   0.000   0.001   0.000     2020051321  0.3253E-02  0.3024E-02  0.2936E-02  0.2905E-02  0.0000E+00  0.3030E-02     OK-Passed........      15.75
 10#-2020.00-1         251    24.160  13.060  15.750   8.500  11.280   0.000   0.000  13.061   0.000   0.001   0.000     2020051321  0.7395E-02  0.6489E-02  0.6647E-02  0.9025E-02  0.6885E-01  0.1968E-01     OK-Passed........      15.75
 10#-2020.00-2         251    24.160  13.410  15.750   8.500   8.160   0.000   0.000  13.411   0.000   0.001   0.000     2020051321  0.1195E-02  0.1954E-02  0.5691E-02  0.2929E-02  0.8570E-02  0.4068E-02     OK-Passed........      15.75
 10#-2020.00-3         251    24.160  13.060  15.750   8.430   0.000   0.000   0.000  13.061   0.000   0.001   0.000     2020051321  0.5378E-02  0.4838E-02  0.4819E-02  0.0000E+00  0.0000E+00  0.5012E-02     OK-Passed........      15.75
 11#-2018.50-1         236    24.160  13.060  15.750   8.910   0.000   0.000   0.000  13.061   0.000   0.001   0.000     2020051321  0.1185E-02  0.1184E-02  0.1003E-02  0.2715E-02  0.6182E-02  0.2454E-02     OK-Passed........      15.75
 11#-2018.50-2         236    24.160  13.910  15.750   8.890  13.920   0.000   0.000  13.911   0.000   0.001   0.000     2020051321  0.1275E-02  0.1275E-02  0.2064E-02  0.2310E-02  0.2337E-02  0.1852E-02     OK-Passed........      15.75
 10#-2021.50-1         230    24.160  13.120  15.750   8.880   0.000   0.000   0.000  13.121   0.000   0.001   0.000     2020051321  0.5931E-02  0.8965E-02  0.7081E-02  0.7370E-02  0.2386E-01  0.1064E-01     OK-Passed........      15.75
 10#-2021.50-2         230    24.160  14.810  15.750   8.890   5.040   0.000   0.000  14.811   0.000   0.001   0.000     2020051321  0.1126E-02  0.1126E-02  0.1126E-02  0.1349E-02  0.1712E-02  0.1288E-02     OK-Passed........      15.75
 10#-2021.50-3         230    24.160  12.620  15.750   8.880   0.000   0.000   0.000  12.621   0.000   0.001   0.000     2020051321  0.1102E-02  0.1502E-02  0.1462E-01  0.1581E-01  0.1085E-01  0.8777E-02     OK-Passed........      15.75
 11#-2021.50-1         226    24.160  12.930  15.750   8.880  16.560   0.000   0.000  12.931   0.000   0.001   0.000     2020051321  0.3836E-02  0.3832E-02  0.7612E-02  0.3817E-02  0.3796E-02  0.4579E-02     OK-Passed........      15.75
 11#-2021.50-2         226    24.160  15.060  15.750   8.880  20.640   0.000   0.000  15.061   0.000   0.001   0.000     2020051321  0.1048E-02  0.1048E-02  0.1048E-02  0.2184E-01  0.5637E-02  0.6123E-02     OK-Passed........      15.75
 09#-2018.50-1         216    24.160  13.120  15.750   9.180  13.680   0.000   0.000  13.121   0.000   0.001   0.000     2020051321  0.4125E-02  0.3904E-02  0.3270E-02  0.3354E-02  0.3074E-01  0.9078E-02     OK-Passed........      15.75
 09#-2018.50-2         216    24.160  12.870  15.750   9.170   0.000   0.000   0.000  12.871   0.000   0.001   0.000     2020051321  0.1119E-02  0.1341E-02  0.1961E-02  0.2684E-02  0.1565E-01  0.4551E-02     OK-Passed........      15.75
 09#-2018.50-3         216    24.160  12.620  15.750   9.180   0.000   0.000   0.000  12.621   0.000   0.001   0.000     2020051321  0.6034E-02  0.6195E-02  0.8218E-02  0.1339E-01  0.3046E-01  0.1286E-01     OK-Passed........      15.75
 10#-2024.50-1         214    24.160  12.180  15.750   8.850   1.440   0.000   0.000  12.181   0.000   0.001   0.000     2020051321  0.3672E-02  0.3586E-02  0.3548E-02  0.3543E-02  0.3543E-02  0.3578E-02     OK-Passed........      15.75
 10#-2024.50-2         214    24.160  13.120  15.750   8.860  18.240   0.000   0.000  13.121   0.000   0.001   0.000     2020051321  0.1240E-02  0.1212E-02  0.1208E-02  0.1212E-02  0.1207E-02  0.1216E-02     OK-Passed........      15.75
 10#-2024.50-3         214    24.160  13.810  15.750   8.860  17.280   0.000   0.000  13.811   0.000   0.001   0.000     2020051321  0.3845E-02  0.3827E-02  0.3706E-02  0.3698E-02  0.0000E+00  0.3769E-02     OK-Passed........      15.75
 11#-2023.00-1         208    24.160  13.060  15.750   8.900  40.800   0.000   0.000  13.061   0.000   0.001   0.000     2020051321  0.4932E-02  0.4910E-02  0.4920E-02  0.4907E-02  0.4950E-02  0.4924E-02     OK-Passed........      15.75
 11#-2023.00-2         208    24.160  14.850  15.750   8.900  28.320   0.000   0.000  14.851   0.000   0.001   0.000     2020051321  0.1092E-02  0.1092E-02  0.1092E-02  0.2314E-01  0.1679E-01  0.8641E-02     OK-Passed........      15.75
 07#-2018.50           206    24.160  13.080  15.750   8.900   0.000   0.000   0.000  13.081   0.000   0.001   0.000     2020051321  0.1518E-02  0.1767E-02  0.1808E-02  0.2595E-02  0.3648E-02  0.2267E-02     OK-Passed........      15.75
 13#-2018.50           201    24.160  14.040  16.750   8.870  41.520   0.000   0.000  14.041   0.000   0.001   0.000     2020051321  0.1179E-02  0.1176E-02  0.1174E-02  0.4539E-03  0.1177E-02  0.1032E-02     OK-Passed........      16.75
 09#-2021.50-1         200    24.160  12.680  15.750   9.200   0.000   0.000   0.000  12.681   0.000   0.001   0.000     2020051321  0.5556E-02  0.4980E-02  0.5776E-02  0.7660E-02  0.1810E-01  0.8414E-02     OK-Passed........      15.75
 09#-2021.50-2         200    24.160  14.060  15.750   9.200   0.240   0.000   0.000  14.061   0.000   0.001   0.000     2020051321  0.1216E-02  0.1216E-02  0.1216E-02  0.1216E-02  0.3282E-02  0.1629E-02     OK-Passed........      15.75
 09#-2021.50-3         200    24.160  12.930  15.750   9.210   0.000   0.000   0.000  12.931   0.000   0.001   0.000     2020051321  0.4260E-02  0.6631E-02  0.9799E-02  0.7648E-02  0.4882E-02  0.6644E-02     OK-Passed........      15.75
 11#-2027.50-1         198    24.160  15.750  16.500  15.350   0.000   0.000   0.000  15.751   0.000   0.001   0.000     2020051321  0.3767E-02  0.3749E-02  0.2972E-02  0.1748E-01  0.1542E-01  0.8678E-02     OK-Passed........      16.50
 11#-2027.50-2         198    24.160  17.270  16.670  15.360   0.000  48.000  48.000  17.173  -0.098   0.001   0.000     2020051321  0.1069E-02  0.1069E-02  0.1069E-02  0.1069E-02  0.1069E-02  0.1069E-02     OK-Passed........      16.67
 07#-2023.00           192    24.160  14.180  15.750   8.930  22.080   0.000   0.000  14.182   0.000   0.002   0.000     2020051321  0.1047E-02  0.1047E-02  0.1047E-02  0.1047E-02  0.1047E-02  0.1047E-02     OK-Passed........      15.75
 13#-2023.00           190    24.160  16.748  16.750   8.960  45.600   2.000   0.000  16.750   0.000   0.002   0.000     2020051321  0.1076E-02  0.6114E-02  0.5372E-03  0.1389E-02  0.4464E-02  0.2716E-02     OK-Passed........      16.75
 11#-2032.00-1         186    24.160  16.000  19.650   6.110  10.320   0.000   0.000  16.002   0.000   0.002   0.000     2020051321  0.4048E-02  0.3813E-02  0.3814E-02  0.0000E+00  0.0000E+00  0.3892E-02     OK-Passed........      19.65
 11#-2032.00-2         186    24.160  18.560  19.650   6.100  17.040   0.000   0.000  18.562   0.000   0.002   0.000     2020051321  0.1526E-01  0.4191E-02  0.1402E-02  0.1467E-02  0.2353E-02  0.4934E-02     OK-Passed........      19.65
 10#-2027.50-1         183    24.160  15.180  16.500  15.380   6.960   0.000   0.000  15.182   0.000   0.002   0.000     2020051321  0.2873E-02  0.2777E-02  0.2751E-02  0.2743E-02  0.2747E-02  0.2778E-02     OK-Passed........      16.50
 10#-2027.50-2         183    24.160  16.000  16.500  15.370   0.000   0.000   0.000  16.002   0.000   0.002   0.000     2020051321  0.2115E-02  0.2367E-02  0.2538E-02  0.3169E-02  0.5158E-02  0.3069E-02     OK-Passed........      16.50
 10#-2027.50-3         183    24.160  15.500  16.500  15.380   0.000   0.000   0.000  15.502   0.000   0.002   0.000     2020051321  0.4092E-02  0.4917E-02  0.6110E-02  0.9413E-02  0.1171E-01  0.7249E-02     OK-Passed........      16.50
 09#-2024.50-1         181    24.160  15.252  15.750   9.100  23.040   0.000   0.000  15.254   0.000   0.002   0.000     2020051321  0.3772E-02  0.3715E-02  0.3758E-02  0.7967E-02  0.6816E-02  0.5206E-02     OK-Passed........      15.75
 09#-2024.50-2         181    24.160  14.800  15.750   9.140  39.360   0.000   0.000  14.802   0.000   0.002   0.000     2020051321  0.1172E-02  0.1239E-02  0.1966E-02  0.1833E-02  0.2568E-02  0.1756E-02     OK-Passed........      15.75
 09#-2024.50-3         181    24.160  13.000  15.750   9.140   0.240   0.000   0.000  13.002   0.000   0.002   0.000     2020051321  0.3440E-02  0.3395E-02  0.3372E-02  0.0000E+00  0.0000E+00  0.3402E-02     OK-Passed........      15.75
 08#-2018.50-1         179    24.160  13.370  15.750   9.150   2.880   0.000   0.000  13.372   0.000   0.002   0.000     2020051321  0.2500E-02  0.2935E-02  0.6519E-02  0.9525E-02  0.3227E-02  0.4941E-02     OK-Passed........      15.75
 08#-2018.50-3         179    24.160  12.810  15.750   9.150   0.000   0.000   0.000  12.812   0.000   0.002   0.000     2020051321  0.1054E-02  0.1041E-02  0.1039E-02  0.1031E-02  0.8692E-03  0.1007E-02     OK-Passed........      15.75
 08#-2018.50-2         179    24.160  13.180  15.750   9.160   0.000   0.000   0.000  13.182   0.000   0.002   0.000     2020051321  0.1068E-02  0.1358E-02  0.1318E-02  0.1012E-02  0.2120E-01  0.5192E-02     OK-Passed........      15.75
 12#-2018.50           177    24.160  13.850  16.750   9.180  17.040   0.000   0.000  13.852   0.000   0.002   0.000     2020051321  0.8212E-03  0.8212E-03  0.8430E-03  0.9099E-03  0.2345E-02  0.1148E-02     OK-Passed........      16.75
 13#-2026.00           176    24.160  16.950  17.500  15.360   0.000   0.000   0.000  16.952   0.000   0.002   0.000     2020051321  0.1051E-02  0.1051E-02  0.1075E-02  0.1085E-02  0.2786E-02  0.1410E-02     OK-Passed........      17.50
 07#-2026.00           173    24.160  17.180  16.580  15.360   0.480  48.000  48.000  17.090  -0.092   0.002   0.000     2020051321  0.1052E-02  0.1052E-02  0.1052E-02  0.1052E-02  0.1052E-02  0.1052E-02     OK-Passed........      16.58
 11#-2035.50-1         171    24.160  15.120  19.650  15.340  12.720   0.000   0.000  15.122   0.000   0.002   0.000     2020051321  0.3023E-02  0.2816E-02  0.2820E-02  0.2814E-02  0.0000E+00  0.2868E-02     OK-Passed........      19.65
 11#-2035.50-2         171    24.160  18.900  19.650  15.340  10.800   0.000   0.000  18.902   0.000   0.002   0.000     2020051321  0.2604E-02  0.2463E-02  0.2685E-02  0.1528E-02  0.2968E-02  0.2450E-02     OK-Passed........      19.65
 10#-2030.50-1         170    24.160  15.680  19.650  15.460   0.000   0.000   0.000  15.682   0.000   0.002   0.000     2020051321  0.2824E-02  0.2251E-02  0.2801E-02  0.2789E-02  0.4957E-01  0.1205E-01     OK-Passed........      19.65
 10#-2030.50-2         170    24.160  15.930  19.650  15.020   0.000   0.000   0.000  15.932   0.000   0.002   0.000     2020051321  0.1148E-02  0.1139E-02  0.1133E-02  0.1130E-02  0.1132E-02  0.1136E-02     OK-Passed........      19.65
 10#-2030.50-3         170    24.160  15.930  19.650  15.340   0.000   0.000   0.000  15.932   0.000   0.002   0.000     2020051321  0.9053E-02  0.1412E-01  0.8988E-02  0.8950E-02  0.6712E-01  0.2165E-01     OK-Passed........      19.65
 12#-2021.50           168    24.160  13.940  16.750   8.990  22.320   0.000   0.000  13.942   0.000   0.002   0.000     2020051321  0.1143E-02  0.1144E-02  0.1146E-02  0.1146E-02  0.1080E-02  0.1132E-02     OK-Passed........      16.75
 06#-2018.50           166    24.160  13.520  16.750   9.000  11.280   0.000   0.000  13.522   0.000   0.002   0.000     2020051321  0.1084E-02  0.1084E-02  0.1084E-02  0.1084E-02  0.1911E-02  0.1249E-02     OK-Passed........      16.75
 08#-2021.50-1         165    24.160  13.430  15.750   8.990   5.040   0.000   0.000  13.432   0.000   0.002   0.000     2020051321  0.4470E-02  0.4554E-02  0.4128E-02  0.3231E-02  0.2180E-01  0.7636E-02     OK-Passed........      15.75
 08#-2021.50-2         165    24.160  13.000  15.750   9.000   0.000   0.000   0.000  13.002   0.000   0.002   0.000     2020051321  0.1189E-02  0.1189E-02  0.1189E-02  0.1189E-02  0.2133E-02  0.1378E-02     OK-Passed........      15.75
 08#-2021.50-3         165    24.160  12.620  15.750   9.080   0.000   0.000   0.000  12.622   0.000   0.002   0.000     2020051321  0.2333E-02  0.2100E-02  0.3739E-02  0.1385E-01  0.5170E-02  0.5438E-02     OK-Passed........      15.75
 13#-2029.50           163    24.160  18.140  21.350  15.320  21.600   0.000   0.000  18.142   0.000   0.002   0.000     2020051321  0.1029E-02  0.1029E-02  0.1024E-02  0.1027E-02  0.1039E-02  0.1030E-02     OK-Passed........      21.35
 11#-2037.00           163    24.160  18.640  19.650  15.310  11.760   0.000   0.000  18.642   0.000   0.002   0.000     2020051321  0.2150E-03  0.7083E-03  0.8613E-03  0.6332E-03  0.8028E-04  0.4996E-03     OK-Passed........      19.65
 07#-2029.50           162    24.160  16.770  19.650  15.310   0.000   0.000   0.000  16.772   0.000   0.002   0.000     2020051321  0.1153E-02  0.1151E-02  0.1145E-02  0.1148E-02  0.1154E-02  0.1150E-02     OK-Passed........      19.65
 12#-2024.50           159    24.160  14.830  16.750   9.150  22.320   0.000   0.000  14.832   0.000   0.002   0.000     2020051321  0.1048E-02  0.1046E-02  0.5043E-04  0.1568E-02  0.6725E-02  0.2088E-02     OK-Passed........      16.75
 10#-2033.20-1         157    24.160  16.680  19.650  15.290   9.120   0.000   0.000  16.682   0.000   0.002   0.000     2020051321  0.2817E-02  0.2664E-02  0.2798E-02  0.2802E-02  0.0000E+00  0.2770E-02     OK-Passed........      19.65
 10#-2033.20-2         157    24.160  17.180  19.650  15.420   0.000   0.000   0.000  17.182   0.000   0.002   0.000     2020051321  0.1886E-02  0.2119E-02  0.2540E-02  0.4724E-02  0.8679E-02  0.3990E-02     OK-Passed........      19.65
 10#-2033.20-3         157    24.160  16.500  19.650  15.300   0.000   0.000   0.000  16.502   0.000   0.002   0.000     2020051321  0.9016E-02  0.9069E-02  0.8963E-02  0.8972E-02  0.0000E+00  0.9005E-02     OK-Passed........      19.65
 13#-2032.50           155    24.160  19.370  21.350  15.340  23.520   0.000   0.000  19.372   0.000   0.002   0.000     2020051321  0.1164E-02  0.1157E-02  0.1153E-02  0.1157E-02  0.1157E-02  0.1158E-02     OK-Passed........      21.35
 06#-2023.00           154    24.160  14.020  16.750   9.240  12.000   0.000   0.000  14.022   0.000   0.002   0.000     2020051321  0.1217E-02  0.1210E-02  0.1214E-02  0.1214E-02  0.1768E-02  0.1325E-02     OK-Passed........      16.75
 11#-2040.00           153    24.160  19.000  21.000   5.930   0.000   0.000   0.000  19.002   0.000   0.002   0.000     2020051321  0.2155E-02  0.2093E-02  0.2034E-02  0.1890E-02  0.3656E-02  0.2365E-02     OK-Passed........      21.00
 09#-2027.20-1         151    24.160  15.680  16.500  15.310  17.520   0.000   0.000  15.683   0.000   0.003   0.000     2020051321  0.2858E-02  0.5563E-02  0.6896E-02  0.5334E-02  0.6390E-02  0.5408E-02     OK-Passed........      16.50
 09#-2027.20-2         151    24.160  15.600  16.500  15.290   0.240   0.000   0.000  15.603   0.000   0.003   0.000     2020051321  0.3769E-02  0.2574E-02  0.2571E-02  0.5449E-03  0.7633E-02  0.3418E-02     OK-Passed........      16.50
 09#-2027.20-3         151    24.160  15.250  16.500  15.290   0.000   0.000   0.000  15.253   0.000   0.003   0.000     2020051321  0.1233E-02  0.1230E-02  0.1218E-02  0.1545E-02  0.0000E+00  0.1307E-02     OK-Passed........      16.50
 14#-2020.80           149    24.160  14.020  15.150   9.910  37.200   0.000   0.000  14.023   0.000   0.003   0.000     2020051321  0.1171E-02  0.1171E-02  0.1583E-02  0.2169E-02  0.4293E-02  0.2078E-02     OK-Passed........      15.15
 07#-2032.50           148    24.160  17.370  19.650  15.290   7.680   0.000   0.000  17.373   0.000   0.003   0.000     2020051321  0.1643E-02  0.1601E-02  0.1495E-02  0.1983E-02  0.1594E-01  0.4533E-02     OK-Passed........      19.65
 05#-2018.00           147    24.160  12.970  15.150   9.320  14.880   0.000   0.000  12.973   0.000   0.003   0.000     2020051321  0.1214E-02  0.1214E-02  0.1522E-02  0.1772E-02  0.3401E-02  0.1825E-02     OK-Passed........      15.15
 12#-2027.50           147    24.160  17.430  17.500  15.290   8.880   0.000  17.374  17.366  -0.066   0.003   0.000     2020051321  0.2043E-02  0.3089E-02  0.7906E-03  0.8049E-03  0.8226E-03  0.1510E-02     OK-Passed........      17.50
 11#-2043.00           146    24.160  19.700  19.100  15.290   0.240  48.000  48.000  19.468  -0.235   0.003   0.000     2020051321  0.1108E-02  0.1108E-02  0.1108E-02  0.1108E-02  0.1108E-02  0.1108E-02     OK-Passed........      19.10
 06#-2026.00           145    24.160  15.950  17.500  15.300   0.000   0.000   0.000  15.953   0.000   0.003   0.000     2020051321  0.1036E-02  0.1017E-02  0.1013E-02  0.1007E-02  0.0000E+00  0.1018E-02     OK-Passed........      17.50
 08#-2024.50-1         144    24.160  12.870  15.750   9.910  15.360   0.000   0.000  12.873   0.000   0.003   0.000     2020051321  0.4389E-02  0.4572E-02  0.5877E-02  0.7017E-02  0.1117E-01  0.6605E-02     OK-Passed........      15.75
 08#-2024.50-2         144    24.160  12.430  15.750   9.320   0.000   0.000   0.000  12.433   0.000   0.003   0.000     2020051321  0.1178E-02  0.1215E-02  0.1106E-02  0.2293E-02  0.2574E-01  0.6306E-02     OK-Passed........      15.75
 08#-2024.50-3         144    24.160  14.250  15.750   9.320  75.600   0.000   0.000  14.253   0.000   0.003   0.000     2020051321  0.3541E-02  0.3516E-02  0.3468E-02  0.0000E+00  0.0000E+00  0.3508E-02     OK-Passed........      15.75
 04#-2016.40           141    24.160  15.270  15.600   9.260  18.240   0.000   7.291  15.141  -0.132   0.003   0.000     2020051321  0.1760E-02  0.1148E-02  0.9795E-03  0.1363E-02  0.2376E-02  0.1525E-02     OK-Passed........      15.60
 13#-2035.50           143    24.160  20.640  20.040  15.350   0.000  48.000  48.000  20.423  -0.303   0.003   0.083     2020051321  0.1200E-02  0.1199E-02  0.1208E-02  0.1201E-02  0.1204E-02  0.1202E-02   interval-big-than-28?!   20.04
 15#-2019.51           141    24.160  14.230  15.600   9.650  16.080   0.000   0.000  14.233   0.000   0.003   0.000     2020051321  0.4464E-02  0.6311E-02  0.6841E-02  0.2782E-02  0.3497E-02  0.4779E-02     OK-Passed........      15.60
 05#-2021.00           140    24.160  13.390  15.150   9.070  13.200   0.000   0.000  13.393   0.000   0.003   0.000     2020051321  0.1199E-02  0.1238E-02  0.1251E-02  0.1229E-02  0.1926E-02  0.1369E-02     OK-Passed........      15.15
 14#-2024.00           139    24.160  14.870  15.150   9.520  36.720   0.000   3.042  14.873   0.000   0.003   0.000     2020051321  0.1084E-02  0.1084E-02  0.1084E-02  0.1506E-02  0.3796E-05  0.9525E-03     OK-Passed........      15.15
 07#-2035.50           137    24.160  19.520  21.000  15.290   0.000   0.000   0.000  19.523   0.000   0.003   0.000     2020051321  0.3240E-02  0.2969E-02  0.2898E-02  0.2711E-02  0.8303E-02  0.4024E-02     OK-Passed........      21.00
 12#-2030.50           136    24.160  19.140  21.350  15.290   3.120   0.000   0.000  19.143   0.000   0.003   0.000     2020051321  0.1022E-02  0.1022E-02  0.1020E-02  0.1025E-02  0.4916E-04  0.8278E-03     OK-Passed........      21.35
 10#-2036.41-1         134    24.160  15.680  16.500  15.290   1.200   0.000   0.000  15.683   0.000   0.003   0.000     2020051321  0.3411E-02  0.3390E-02  0.3377E-02  0.3389E-02  0.0000E+00  0.3392E-02     OK-Passed........      16.50
 10#-2036.41-2         134    24.160  16.680  16.500  15.300   0.000  31.253  16.212  16.445  -0.238   0.003   0.000     2020051321  0.1099E-01  0.1261E-01  0.1123E-01  0.6437E-02  0.5514E-02  0.9357E-02     OK-Passed........      16.50
 10#-2036.41-3         134    24.160  16.620  16.500  15.300   0.240  18.901   9.016  16.467  -0.157   0.003   0.000     2020051321  0.5746E-02  0.8678E-02  0.1033E-01  0.3613E-02  0.6267E-02  0.6927E-02     OK-Passed........      16.50
 09#-2030.20-1         132    24.160  16.500  19.650  15.280   0.000   0.000   0.000  16.503   0.000   0.003   0.000     2020051321  0.3843E-02  0.3813E-02  0.3818E-02  0.0000E+00  0.0000E+00  0.3824E-02     OK-Passed........      19.65
 09#-2030.20-2         132    24.160  16.340  19.650  15.280   1.200   0.000   0.000  16.343   0.000   0.003   0.000     2020051321  0.1256E-02  0.1256E-02  0.1254E-02  0.1245E-02  0.1853E-02  0.1373E-02     OK-Passed........      19.65
 09#-2030.20-3         132    24.160  16.507  19.650  15.280  18.240   0.000   0.000  16.510   0.000   0.003   0.000     2020051321  0.2504E-02  0.2489E-02  0.2492E-02  0.0000E+00  0.0000E+00  0.2495E-02     OK-Passed........      19.65
 05#-2024.00           130    24.160  13.700  16.150   8.910  15.120   0.000   0.000  13.703   0.000   0.003   0.000     2020051321  0.1168E-02  0.1161E-02  0.1163E-02  0.1309E-02  0.9761E-02  0.2912E-02     OK-Passed........      16.15
 11#-2044.50           130    24.160  21.160  21.000   7.220   0.000  10.557   8.593  20.870  -0.293   0.003   0.000     2020051321  0.1991E-02  0.2223E-02  0.2001E-02  0.1916E-02  0.1994E-02  0.2025E-02     OK-Passed........      21.00
 13#-2040.00           126    24.160  19.350  18.750   7.410   0.000  47.185  44.006  18.749  -0.605   0.004   0.000     2020051321  0.1173E-02  0.1159E-02  0.1131E-02  0.1147E-02  0.1073E-02  0.1137E-02     OK-Passed........      18.75
 04#-2021.00           126    24.160  15.620  15.600   8.850  12.240   2.762  26.751  15.262  -0.362   0.004   0.000     2020051321  0.1244E-02  0.1255E-02  0.1244E-02  0.2008E-02  0.1933E-01  0.5016E-02     OK-Passed........      15.60
 14#-2027.00           125    24.160  17.160  17.500  15.550   0.000   0.000   0.000  17.164   0.000   0.004   0.000     2020051321  0.2693E-02  0.1225E-02  0.1225E-02  0.1223E-02  0.3452E-02  0.1963E-02     OK-Passed........      17.50
 06#-2027.50           124    24.160  17.430  17.500  15.290   0.000   0.000  10.173  17.391  -0.043   0.004   0.000     2020051321  0.1049E-02  0.1049E-02  0.1083E-02  0.1682E-02  0.1952E-01  0.4876E-02     OK-Passed........      17.50
 15#-2024.00           122    24.160  16.310  15.810   8.790  28.080  48.000  48.000  15.876  -0.438   0.004   0.000     2020051321  0.1213E-02  0.1254E-02  0.1211E-02  0.1211E-02  0.1213E-02  0.1220E-02     OK-Passed........      15.81
 12#-2033.50           120    24.160  17.700  21.350  15.310  26.880   0.000   0.000  17.704   0.000   0.004   0.000     2020051321  0.1035E-02  0.1035E-02  0.1038E-02  0.1037E-02  0.8102E-02  0.2449E-02     OK-Passed........      21.35
 07#-2040.00           117    24.160  19.680  21.000  15.310   0.000   0.000   0.000  19.684   0.000   0.004   0.000     2020051321  0.5485E-05  0.3132E-03  0.1025E-02  0.1348E-02  0.2019E-02  0.9422E-03     OK-Passed........      21.00
 10#-2038.60-1         116    24.160  15.250  16.500  15.320   0.000   0.000   0.000  15.254   0.000   0.004   0.000     2020051321  0.3820E-02  0.3651E-02  0.0000E+00  0.0000E+00  0.0000E+00  0.3736E-02     OK-Passed........      16.50
 10#-2038.60-2         116    24.160  19.060  18.460  15.440   0.240  48.000  48.000  18.874  -0.190   0.004   0.000     2020051321  0.1194E-02  0.1198E-02  0.1067E-02  0.1081E-02  0.1095E-02  0.1127E-02     OK-Passed........      18.46
 10#-2038.60-3         116    24.160  16.940  16.500  15.300   0.000  48.000  29.855  16.818  -0.126   0.004   0.000     2020051321  0.2955E-02  0.2089E-01  0.5268E-02  0.1164E-02  0.1597E-02  0.6374E-02     OK-Passed........      16.50
 08#-2027.20-1         114    24.160  16.180  16.500  15.310   0.000   0.000   0.000  16.184   0.000   0.004   0.000     2020051321  0.9434E-02  0.1308E-01  0.1096E-01  0.1344E-01  0.3306E-01  0.1599E-01     OK-Passed........      16.50
 08#-2027.20-2         114    24.160  15.930  16.500  15.300   0.000   0.000   0.000  15.934   0.000   0.004   0.000     2020051321  0.1274E-02  0.1021E-02  0.1253E-02  0.1251E-02  0.0000E+00  0.1200E-02     OK-Passed........      16.50
 08#-2027.20-3         114    24.160  16.620  16.500  15.350 105.120  20.395   8.170  16.496  -0.128   0.004   0.000     2020051321  0.1084E-01  0.2600E-01  0.9996E-02  0.2420E-03  0.4948E-02  0.1041E-01     OK-Passed........      16.50
 11#-2049.00           107    24.160  20.040  19.440   7.130   1.440  47.369  47.424  19.495  -0.694   0.005   0.144     2020051321  0.1195E-02  0.1183E-02  0.1133E-02  0.1186E-02  0.1141E-02  0.1168E-02   interval-big-than-28?!   19.44
 05#-2027.00           107    24.160  16.980  17.500  15.310   0.000   0.000   0.000  16.985   0.000   0.005   0.000     2020051321  0.1064E-02  0.4457E-02  0.1246E-03  0.1803E-02  0.5758E-02  0.2641E-02     OK-Passed........      17.50
 13#-2044.50           105    24.160  18.770  23.000   7.310   0.000   0.000   0.000  18.775   0.000   0.005   0.000     2020051321  0.1072E-02  0.1064E-02  0.1065E-02  0.1066E-02  0.1064E-02  0.1066E-02     OK-Passed........      23.00
 09#-2033.20-1         103    24.160  14.500  21.000  15.310   9.120   0.000   0.000  14.505   0.000   0.005   0.000     2020051321  0.3788E-02  0.3340E-02  0.1668E-01  0.5195E-02  0.4994E-02  0.6800E-02     OK-Passed........      21.00
 09#-2033.20-2         103    24.160  17.810  21.000  15.310   1.440   0.000   0.000  17.815   0.000   0.005   0.000     2020051321  0.1298E-02  0.1292E-02  0.1292E-02  0.1299E-02  0.1832E-01  0.4700E-02     OK-Passed........      21.00
 09#-2033.20-3         103    24.160  15.930  21.000  15.290   9.360   0.000   0.000  15.935   0.000   0.005   0.000     2020051321  0.3821E-02  0.3803E-02  0.3804E-02  0.0000E+00  0.0000E+00  0.3809E-02     OK-Passed........      21.00
 14#-2030.00           101    24.160  17.370  20.650  15.610   0.240   0.000   0.000  17.376   0.000   0.006   0.000     2020051321  0.1187E-02  0.1186E-02  0.1191E-02  0.1189E-02  0.1198E-02  0.1190E-02     OK-Passed........      20.65
 04#-2024.00            99    24.160  16.310  15.810   8.780  17.520  48.000  48.000  15.882  -0.434   0.006   0.000     2020051321  0.1201E-02  0.1229E-02  0.1200E-02  0.1200E-02  0.1201E-02  0.1206E-02     OK-Passed........      15.81
 07#-2042.50            97    24.160  20.410  19.810  15.290   0.000  48.000  48.000  20.147  -0.269   0.006   0.000     2020051321  0.1062E-02  0.1093E-02  0.1093E-02  0.1093E-02  0.1093E-02  0.1087E-02     OK-Passed........      19.81
 15#-2027.20            96    24.160  17.450  16.850  15.350   0.000  48.000  48.000  17.338  -0.118   0.006   0.000     2020051321  0.1171E-02  0.1171E-02  0.1171E-02  0.1171E-02  0.1171E-02  0.1171E-02     OK-Passed........      16.85
 12#-2038.00            91    24.160  17.560  21.350  15.290  10.560   0.000   0.000  17.567   0.000   0.007   0.000     2020051321  0.1063E-02  0.1066E-02  0.1064E-02  0.1061E-02  0.6577E-02  0.2166E-02     OK-Passed........      21.35
 08#-2030.20-1          88    24.160  13.810  19.650  15.290   0.000   0.000   0.000  13.817   0.000   0.007   0.000     2020051321  0.3907E-02  0.3568E-02  0.3829E-02  0.3804E-02  0.3803E-02  0.3782E-02     OK-Passed........      19.65
 08#-2030.20-2          88    24.160  17.090  19.650  15.270   0.000   0.000   0.000  17.097   0.000   0.007   0.000     2020051321  0.9594E-03  0.1105E-02  0.1104E-02  0.1106E-02  0.3140E-02  0.1483E-02     OK-Passed........      19.65
 08#-2030.20-3          88    24.160  14.810  19.650  15.260   0.000   0.000   0.000  14.817   0.000   0.007   0.000     2020051321  0.4837E-02  0.4820E-02  0.7093E-02  0.4711E-02  0.4708E-02  0.5234E-02     OK-Passed........      19.65
 05#-2031.50            85    24.160  19.060  21.350  15.260  23.280   0.000   0.000  19.068   0.000   0.008   0.000     2020051321  0.1064E-02  0.1063E-02  0.1063E-02  0.1065E-02  0.2646E-03  0.9040E-03     OK-Passed........      21.35
 04#-2027.00            78    24.160  18.680  18.080  15.260  22.320  48.000  48.000  18.500  -0.189   0.009   0.000     2020051321  0.1009E-02  0.1051E-02  0.1095E-02  0.1126E-02  0.1152E-02  0.1087E-02     OK-Passed........      18.08
 10#-2040.60-1          74    24.160  15.250  19.200  15.260   0.000   0.000   0.000  15.260   0.000   0.010   0.000     2020051321  0.3835E-02  0.3731E-02  0.3719E-02  0.0000E+00  0.0000E+00  0.3762E-02     OK-Passed........      19.20
 10#-2040.60-2          74    24.160  20.310  19.710  15.260   0.000  48.000  48.000  20.055  -0.265   0.010   0.000     2020051321  0.1378E-02  0.1203E-02  0.1055E-02  0.1085E-02  0.1093E-02  0.1163E-02     OK-Passed........      19.71
 10#-2040.60-3          74    24.160  16.780  19.200  15.260   0.000   0.000   0.000  16.790   0.000   0.010   0.000     2020051321  0.5044E-02  0.4892E-02  0.4880E-02  0.0000E+00  0.0000E+00  0.4939E-02     OK-Passed........      19.20
 12#-2041.00            71    24.160  21.140  24.000   7.100   0.000   0.000   0.000  21.151   0.000   0.011   0.000     2020051321  0.1207E-02  0.1119E-02  0.1130E-02  0.1128E-02  0.1016E-02  0.1120E-02     OK-Passed........      24.00
 07#-2044.50            71    24.160  21.200  20.600  15.250   0.000  48.000  48.000  21.104  -0.320   0.011   0.213     2020051321  0.1129E-02  0.1128E-02  0.1152E-02  0.1135E-02  0.1138E-02  0.1137E-02   interval-big-than-28?!   20.60
 05#-2035.50            68    24.160  21.540  20.940  15.250   0.000  48.000  48.000  21.288  -0.328   0.012   0.063     2020051321  0.1086E-02  0.1087E-02  0.1094E-02  0.1089E-02  0.1090E-02  0.1089E-02   interval-big-than-28?!   20.94
 06#-2029.00            61    24.160  17.500  22.050  15.250   0.000   0.000   0.000  17.515   0.000   0.015   0.000     2020051321  0.1043E-02  0.1038E-02  0.1036E-02  0.1892E-02  0.1947E-01  0.4896E-02     OK-Passed........      22.05
 07#-2046.00            60    24.160  20.240  19.640  15.240   0.000  48.000  48.000  20.125  -0.268   0.015   0.138     2020051321  0.1125E-02  0.1123E-02  0.1137E-02  0.1128E-02  0.1130E-02  0.1129E-02   interval-big-than-28?!   19.64
 08#-2033.20-1          58    24.160  20.573  22.000  15.230  19.440   0.000   0.000  20.590   0.000   0.017   0.000     2020051321  0.3982E-02  0.3888E-02  0.3854E-02  0.3814E-02  0.0000E+00  0.3884E-02     OK-Passed........      22.00
 08#-2033.20-2          58    24.160  21.893  22.000  15.230  19.920   0.000   0.000  21.910   0.000   0.017   0.000     2020051321  0.1119E-02  0.1106E-02  0.1109E-02  0.1109E-02  0.1111E-02  0.1111E-02     OK-Passed........      22.00
 08#-2033.20-3          58    24.160  20.143  22.000  15.240  14.400   0.000   0.000  20.160   0.000   0.017   0.000     2020051321  0.2358E-02  0.2300E-02  0.2254E-02  0.2258E-02  0.0000E+00  0.2293E-02     OK-Passed........      22.00
 04#-2030.00            55    24.160  20.580  19.980  15.240   0.240  48.000  48.000  20.307  -0.291   0.018   0.000     2020051321  0.7976E-03  0.9708E-03  0.1102E-02  0.1132E-02  0.1135E-02  0.1027E-02     OK-Passed........      19.98
 14#-2033.00            54    24.160  20.220  22.000   5.770   0.000   0.000   0.000  20.239   0.000   0.019   0.000     2020051321  0.1149E-02  0.1149E-02  0.4053E-02  0.1422E-01  0.6611E-04  0.4128E-02     OK-Passed........      22.00
 05#-2040.00            53    24.160  20.160  24.000  15.240   0.000   0.000   0.000  20.179   0.000   0.019   0.000     2020051321  0.1075E-02  0.1069E-02  0.1068E-02  0.1069E-02  0.2893E-03  0.9141E-03     OK-Passed........      24.00
 10#-2043.30-1          52    24.160  21.180  22.000  15.230   0.480   0.000   0.000  21.201   0.000   0.021   0.000     2020051321  0.4587E-02  0.4782E-02  0.4157E-02  0.3035E-02  0.1215E-02  0.3555E-02     OK-Passed........      22.00
 10#-2043.30-2          52    24.160  20.870  22.000  15.240   0.000   0.000   0.000  20.891   0.000   0.021   0.000     2020051321  0.1099E-02  0.1099E-02  0.1591E-02  0.2082E-02  0.3180E-02  0.1810E-02     OK-Passed........      22.00
 10#-2043.30-3          52    24.160  19.430  22.000  15.250   0.000   0.000   0.000  19.451   0.000   0.021   0.000     2020051321  0.4805E-02  0.4764E-02  0.4654E-02  0.4654E-02  0.0000E+00  0.4719E-02     OK-Passed........      22.00
 12#-2042.50            50    24.160  20.680  24.000   7.140   0.000   0.000   0.000  20.702   0.000   0.022   0.000     2020051321  0.1058E-02  0.1053E-02  0.1053E-02  0.1059E-02  0.8858E-03  0.1022E-02     OK-Passed........      24.00
 06#-2032.00            49    24.160  18.220  24.000   5.780  26.160   0.000   0.000  18.242   0.000   0.022   0.000     2020051321  0.1056E-02  0.1055E-02  0.1058E-02  0.1060E-02  0.4198E-03  0.9298E-03     OK-Passed........      24.00
 09#-2036.20-1          48    24.160  19.870  22.000  15.230   0.240   0.000   0.000  19.894   0.000   0.024   0.000     2020051321  0.3665E-02  0.3678E-02  0.8889E-03  0.5035E-02  0.2045E-01  0.6744E-02     OK-Passed........      22.00
 09#-2036.20-2          48    24.160  21.310  22.000  15.230   0.000   0.000   0.000  21.334   0.000   0.024   0.000     2020051321  0.2754E-02  0.2719E-02  0.2704E-02  0.2692E-02  0.5218E-02  0.3217E-02     OK-Passed........      22.00
 09#-2036.20-3          48    24.160  16.180  22.000  15.230   0.480   0.000   0.000  16.204   0.000   0.024   0.000     2020051321  0.3838E-02  0.3717E-02  0.3695E-02  0.0000E+00  0.0000E+00  0.3750E-02     OK-Passed........      22.00
 15#-2030.40            46    24.160  20.640  22.000   5.780   0.000   0.000   0.000  20.666   0.000   0.026   0.000     2020051321  0.1168E-02  0.1165E-02  0.1161E-02  0.1103E-02  0.8441E-02  0.2608E-02     OK-Passed........      22.00
 04#-2033.00            45    24.160  21.060  22.000  15.250   0.000   0.000   0.000  21.173   0.000   0.027   0.086     2020051321  0.1167E-02  0.1161E-02  0.1158E-02  0.1099E-02  0.2014E-02  0.1320E-02   interval-big-than-28?!   22.00
 11#-2052.00            45    24.160  20.730  22.000   7.110   1.440   0.000   0.000  20.894   0.000   0.027   0.137     2020051321  0.1111E-02  0.1100E-02  0.1094E-02  0.1304E-01  0.4157E-02  0.4100E-02   interval-big-than-28?!   22.00
 05#-2044.50            44    24.160  20.660  24.000  15.250   0.000   0.000   0.000  20.688   0.000   0.028   0.000     2020051321  0.1080E-02  0.1077E-02  0.1067E-02  0.1077E-02  0.7252E-03  0.1005E-02     OK-Passed........      24.00
 13#-2049.00            42    24.160  20.950  24.000   7.320   0.000   0.000   0.000  20.980   0.000   0.030   0.000     2020051321  0.1092E-02  0.1076E-02  0.1089E-02  0.1084E-02  0.6248E-03  0.9929E-03     OK-Passed........      24.00
 14#-2035.50            41    24.160  20.410  22.000   5.840   0.000   0.000   0.000  20.443   0.000   0.033   0.000     2020051321  0.1169E-02  0.1164E-02  0.1163E-02  0.1178E-02  0.1195E-01  0.3324E-02     OK-Passed........      22.00
 07#-2049.00            39    24.160  20.080  22.000  15.280   0.000   0.000   0.000  20.115   0.000   0.035   0.000     2020051321  0.1098E-02  0.1090E-02  0.1086E-02  0.1086E-02  0.2603E-03  0.9240E-03     OK-Passed........      22.00
 10#-2046.00-1          38    24.160  21.560  22.000  15.270   0.000   0.000   0.000  21.596   0.000   0.036   0.000     2020051321  0.1059E-02  0.8419E-03  0.8730E-03  0.8811E-03  0.1036E-02  0.9382E-03     OK-Passed........      22.00
 10#-2046.00-2          38    24.160  21.870  22.000  15.270  34.080   0.000  22.622  21.643  -0.263   0.036   0.000     2020051321  0.2547E-02  0.1299E-02  0.1337E-02  0.1164E-02  0.1311E-02  0.1532E-02     OK-Passed........      22.00
 10#-2046.00-3          38    24.160  19.370  22.000  15.270   0.000   0.000   0.000  19.406   0.000   0.036   0.000     2020051321  0.3792E-02  0.3656E-02  0.3643E-02  0.3642E-02  0.0000E+00  0.3683E-02     OK-Passed........      22.00
 12#-2044.50            37    24.160  20.310  24.000   7.150   0.000   0.000   0.000  20.349   0.000   0.039   0.000     2020051321  0.1155E-02  0.1157E-02  0.1154E-02  0.1158E-02  0.1159E-02  0.1157E-02     OK-Passed........      24.00
 15#-2033.60            35    24.160  21.390  22.000   5.850   0.000   0.000   0.000  21.432   0.000   0.042   0.000     2020051321  0.2545E-02  0.2521E-02  0.2525E-02  0.2524E-02  0.2521E-02  0.2527E-02     OK-Passed........      22.00
 08#-2036.20-1          34    24.160  21.000  22.000  15.280   0.000   0.000   0.000  21.045   0.000   0.045   0.000     2020051321  0.1088E-02  0.1039E-02  0.1036E-02  0.1035E-02  0.1034E-02  0.1046E-02     OK-Passed........      22.00
 08#-2036.20-2          34    24.160  21.940  22.000  15.280   0.000   0.000   4.338  21.978  -0.007   0.045   0.000     2020051321  0.1077E-02  0.1055E-02  0.1038E-02  0.1037E-02  0.1616E-03  0.8736E-03     OK-Passed........      22.00
 08#-2036.20-3          34    24.160  20.930  22.000  15.280   0.000   0.000   0.000  20.975   0.000   0.045   0.000     2020051321  0.1075E-02  0.1031E-02  0.1027E-02  0.0000E+00  0.0000E+00  0.1044E-02     OK-Passed........      22.00
 14#-2040.00            33    24.160  21.330  24.000   5.810  11.760   0.000   0.000  21.378   0.000   0.048   0.000     2020051321  0.1051E-02  0.1052E-02  0.1054E-02  0.1051E-02  0.1044E-02  0.1051E-02     OK-Passed........      24.00
 04#-2036.00            31    24.160  21.940  22.000  15.280   0.000   0.000   0.000  21.994   0.000   0.054   0.000     2020051321  0.3785E-02  0.3795E-02  0.3780E-02  0.3196E-02  0.1317E-01  0.5546E-02     OK-Passed........      22.00
 13#-2052.00            31    24.160  21.040  24.000   7.350   0.000   0.000   0.000  21.093   0.000   0.053   0.000     2020051321  0.1160E-02  0.1162E-02  0.1162E-02  0.1168E-02  0.1130E-02  0.1156E-02     OK-Passed........      24.00
 06#-2036.50            28    24.160  21.290  24.099   5.790   0.000   0.000   0.000  21.353   0.000   0.063   0.000     2020051321  0.2460E-02  0.2472E-02  0.2733E-02  0.6675E-02  0.2845E-01  0.8558E-02     OK-Passed........      24.10
 09#-2038.50-1          30    24.160  20.500  22.306  15.300   0.000   0.000   0.000  20.558   0.000   0.058   0.000     2020051321  0.1193E-02  0.1177E-02  0.1144E-02  0.0000E+00  0.0000E+00  0.1171E-02     OK-Passed........      22.31
 09#-2038.50-2          30    24.160  21.180  22.034  15.310  18.000   0.000   0.000  21.238   0.000   0.058   0.000     2020051321  0.1082E-02  0.1086E-02  0.1077E-02  0.1077E-03  0.1648E-02  0.1000E-02     OK-Passed........      22.03
 09#-2038.50-3          30    24.160  18.870  22.251  15.290   0.000   0.000   0.000  18.928   0.000   0.058   0.000     2020051321  0.1077E-02  0.1060E-02  0.1036E-02  0.5240E-04  0.0000E+00  0.8063E-03     OK-Passed........      22.25
 11#-2054.00            28    24.160  21.620  22.892   7.070   0.000   0.000   0.000  21.684   0.000   0.064   0.000     2020051321  0.1064E-02  0.1054E-02  0.1044E-02  0.7617E-04  0.2082E-02  0.1064E-02     OK-Passed........      22.89
 12#-2047.50            26    24.160  20.950  24.279  15.290  14.160   0.000   0.000  21.022   0.000   0.072   0.000     2020051321  0.1228E-02  0.1039E-02  0.1050E-02  0.1076E-02  0.1612E-03  0.9106E-03     OK-Passed........      24.28
 05#-2049.00            26    24.160  22.790  24.417  15.310  34.800   0.000   0.000  22.864   0.000   0.074   0.000     2020051321  0.3477E-02  0.3478E-02  0.3512E-02  0.3477E-02  0.3472E-02  0.3483E-02     OK-Passed........      24.42
 15#-2036.80            25    24.160  21.780  22.731   5.780   0.000   0.000   0.000  21.858   0.000   0.078   0.000     2020051321  0.1440E-02  0.1447E-02  0.1429E-02  0.1425E-02  0.1423E-02  0.1433E-02     OK-Passed........      22.73
 07#-2052.00            25    24.160  21.180  22.903  15.310  14.640   0.000   0.000  21.364   0.000   0.081   0.104     2020051321  0.3643E-02  0.3648E-02  0.3708E-02  0.3579E-02  0.3507E-02  0.3617E-02     OK-Passed........      22.90
 10#-2049.00-1          23    24.160  30.120  29.120  15.320  18.000  32.973  26.120  28.567  -1.640   0.088   0.000     2020051321  0.6656E-02  0.6987E-02  0.5795E-02  0.5044E-02  0.5319E-02  0.5960E-02     OK-Passed........      29.12
 10#-2049.00-2          23    24.160  21.560  23.148  15.320  10.800   0.000   0.000  21.650   0.000   0.090   0.000     2020051321  0.1087E-02  0.1078E-02  0.1075E-02  0.1691E-02  0.4584E-02  0.1903E-02     OK-Passed........      23.15
 10#-2049.00-3          23    24.160  21.430  24.507  15.320   0.000   0.000   0.000  21.520   0.000   0.090   0.000     2020051321  0.1965E-02  0.1840E-02  0.1819E-02  0.0000E+00  0.0000E+00  0.1875E-02     OK-Passed........      24.51
 08#-2038.50-1          22    24.160  20.060  21.573  15.320   9.120   0.000   0.000  20.264  -0.114   0.100   0.218     2020051321  0.1040E-02  0.1056E-02  0.7249E-03  0.9303E-03  0.8846E-03  0.9272E-03     OK-Passed........      21.57
 08#-2038.50-2          22    24.160  21.560  23.375  15.320  20.160   0.000   0.000  21.661   0.000   0.101   0.000     2020051321  0.1099E-02  0.1076E-02  0.1050E-02  0.1025E-02  0.1031E-02  0.1056E-02     OK-Passed........      23.38
 08#-2038.50-3          22    24.160  21.370  21.890  15.310   8.880   0.000   0.000  21.193  -0.276   0.100   0.000     2020051321  0.1037E-02  0.1050E-02  0.1080E-02  0.6461E-03  0.9423E-03  0.9512E-03     OK-Passed........      21.89
 14#-2044.50            21    24.160  22.640  24.505   5.770   6.480   0.000   0.000  22.766   0.000   0.114   0.013     2020051321  0.1130E-02  0.1134E-02  0.1136E-02  0.1135E-02  0.3875E-02  0.1682E-02     OK-Passed........      24.51
 04#-2039.00            20    24.160  21.640  23.333   5.770  11.040   0.000   0.000  21.756   0.000   0.116   0.000     2020051321  0.1036E-02  0.1041E-02  0.1413E-03  0.1883E-02  0.9551E-02  0.2730E-02     OK-Passed........      23.33
 05#-2052.00            17    24.160  22.180  24.681  15.320   0.000   0.000   0.000  22.370   0.000   0.155   0.036     2020051321  0.1327E-02  0.1331E-02  0.1325E-02  0.1317E-02  0.1311E-02  0.1322E-02     OK-Passed........      24.68
 13#-2054.00            19    24.160  21.730  24.370   7.290   0.000   0.000   0.000  21.890   0.000   0.136   0.024     2020051321  0.2811E-02  0.2814E-02  0.2820E-02  0.2816E-02  0.9672E-02  0.4187E-02     OK-Passed........      24.37
 06#-2041.00            16    24.160  22.390  24.162   5.810  11.040   0.000   0.000  22.559   0.000   0.169   0.000     2020051321  0.1068E-02  0.1065E-02  0.1070E-02  0.1100E-03  0.2223E-02  0.1107E-02     OK-Passed........      24.16
 03#-2038.65            16    24.160  21.370  24.871   5.810  12.000   0.000   0.000  21.575   0.000   0.173   0.032     2020051321  0.2620E-02  0.2559E-02  0.2548E-02  0.2541E-02  0.0000E+00  0.2567E-02     OK-Passed........      24.87
 09#-2040.00-1          15    24.160  21.310  24.126  15.360  12.960   0.000   0.000  21.549   0.000   0.192   0.047     2020051321  0.4003E-02  0.3879E-02  0.3833E-02  0.4905E-02  0.2500E-01  0.8325E-02     OK-Passed........      24.13
 09#-2040.00-2          15    24.160  21.870  23.768  15.360  14.880   0.000   0.000  22.105   0.000   0.192   0.044     2020051321  0.1107E-02  0.1113E-02  0.1113E-02  0.9774E-03  0.5886E-02  0.2039E-02     OK-Passed........      23.77
 09#-2040.00-3          15    24.160  23.720  28.089  15.370   1.440   0.000   0.000  23.855   0.000   0.192  -0.057     2020051321  0.1090E-02  0.1048E-02  0.1041E-02  0.0000E+00  0.0000E+00  0.1060E-02     OK-Passed........      28.09
 11#-2056.50-1          14    24.160  22.000  24.942   7.140   1.440   0.000   0.000  22.260   0.000   0.237   0.022     2020051321  0.1111E-02  0.6806E-03  0.1083E-02  0.1087E-02  0.0000E+00  0.9904E-03     OK-Passed........      24.94
 11#-2056.50-2          14    24.160  23.500  25.381   7.140  12.240   0.000   0.000  23.728   0.000   0.237  -0.009     2020051321  0.3758E-02  0.3754E-02  0.1196E-01  0.1734E-01  0.2579E-01  0.1252E-01     OK-Passed........      25.38
 15#-2040.00            13    24.160  23.410  24.402   5.780   0.240   0.000   0.000  23.660   0.000   0.242   0.008     2020051321  0.1062E-02  0.1062E-02  0.1068E-02  0.8804E-03  0.2205E-02  0.1256E-02     OK-Passed........      24.40
 04#-2042.00            13    24.160  22.200  23.941   5.760  10.560   0.000   0.000  22.511   0.000   0.269   0.043     2020051321  0.4850E-02  0.4882E-02  0.4900E-02  0.4934E-02  0.4412E-01  0.1274E-01     OK-Passed........      23.94
 08#-2040.00-1          11    24.160  23.680  28.167  15.380  11.040   0.000   0.000  24.004   0.000   0.324   0.000     2020051321  0.1046E-02  0.1046E-02  0.1050E-02  0.4918E-03  0.5653E-02  0.1857E-02     OK-Passed........      28.17
 08#-2040.00-2          11    24.160  23.250  24.515  15.390  13.920   0.000   0.000  23.574   0.000   0.324   0.000     2020051321  0.1100E-02  0.1103E-02  0.1108E-02  0.1013E-02  0.3109E-02  0.1486E-02     OK-Passed........      24.52
 08#-2040.00-3          11    24.160  24.720  29.186  15.400   0.000   0.000   0.000  25.044   0.000   0.324   0.000     2020051321  0.1204E-02  0.1150E-02  0.1127E-02  0.3863E-02  0.0000E+00  0.1836E-02     OK-Passed........      29.19
 06#-2044.00             9    24.160  21.830  22.684   5.730   0.000   0.000  11.127  22.031  -0.400   0.476   0.124     2020051321  0.1127E-02  0.1100E-02  0.1100E-02  0.9493E-03  0.8061E-02  0.2467E-02     OK-Passed........      22.68
 12#-2049.00            10    24.160  22.850  23.935   7.070  20.640   0.000   0.000  23.281   0.000   0.406   0.025     2020051321  0.1307E-02  0.1314E-02  0.1769E-02  0.3347E-02  0.1018E-01  0.3584E-02     OK-Passed........      23.93
 07#-2054.00             6    24.160  24.930  25.241   5.620  63.840   5.875   0.000  25.711   0.000   0.817  -0.036     2020051321  0.3873E-02  0.3650E-02  0.3628E-02  0.3635E-02  0.3622E-02  0.3682E-02     OK-Passed........      25.24
 14#-2049.00             6    24.160  24.330  24.239   5.690  30.000  48.000  48.000  24.239  -1.024   0.938  -0.006     2020051321  0.1143E-02  0.1120E-02  0.1121E-02  0.1116E-02  0.1116E-02  0.1123E-02     OK-Passed........      24.24
 03#-2041.80             5    24.160  24.560  24.527   5.700  36.480  12.223   6.331  25.158  -0.541   1.156  -0.017     2020051321  0.4709E-02  0.4558E-02  0.4469E-02  0.4421E-02  0.2275E-02  0.4086E-02     OK-Passed........      24.53
 10#-2052.00-1           4    24.160  27.430  27.610   5.700 139.680  48.000  48.000  27.610  -1.185   1.525  -0.160     2020051321  0.1167E-02  0.1135E-02  0.1098E-02  0.1094E-02  0.0000E+00  0.1123E-02     OK-Passed........      27.61
 10#-2052.00-2           4    24.160  25.060  25.456   5.700  41.280  48.000  48.000  25.456  -1.085   1.525  -0.044     2020051321  0.1209E-02  0.1180E-02  0.1129E-02  0.1122E-02  0.0000E+00  0.1160E-02     OK-Passed........      25.46
 10#-2052.00-3           4    24.160  32.430  28.712   5.720 104.160  48.000  48.000  28.712  -4.787   1.473  -0.405     2020051321  0.3920E-02  0.3906E-02  0.3614E-02  0.3607E-02  0.0000E+00  0.3762E-02     OK-Passed........      28.71
 04#-2044.50             4    24.160  22.000  22.483   5.730   0.000  48.000  48.000  22.483  -0.926   1.339   0.070     2020051321  0.1194E-02  0.1162E-02  0.1146E-02  0.1141E-02  0.0000E+00  0.1161E-02     OK-Passed........      22.48
 05#-2054.00             3    24.160  25.600  28.079   5.760   8.640   0.000   0.000  25.193  -2.269   1.920  -0.058     2020051321  0.5235E-02  0.5100E-02  0.0000E+00  0.0000E+00  0.0000E+00  0.5167E-02     OK-Passed........      28.08
 08#-2043.00-1           2    24.160  23.180     NaN   5.760 105.840  48.000   0.000     NaN     NaN     NaN   0.021     2020051321  0.0000E+00  0.0000E+00  0.0000E+00  0.0000E+00  0.0000E+00  0.0000E+00     OK-Passed........        NaN
 08#-2043.00-2           2    24.160  24.810     NaN   5.790  49.440  48.000   0.000     NaN     NaN     NaN  -0.014     2020051321  0.0000E+00  0.0000E+00  0.0000E+00  0.0000E+00  0.0000E+00  0.0000E+00     OK-Passed........        NaN
 08#-2043.00-3           2    24.160  23.620     NaN   5.790 115.200  48.000   0.000     NaN     NaN     NaN   0.012     2020051321  0.0000E+00  0.0000E+00  0.0000E+00  0.0000E+00  0.0000E+00  0.0000E+00     OK-Passed........        NaN
