  nme,npip             8           0
    1  0.2019E+03  0.8380E+03  0.2460E+01  0.8380E+03  0.2440E+02  0.2460E+01  0.1000E+01  0.0000E+00  0.1000E+01  0.1000E+01  0.0000E+00
    2  0.2019E+03  0.8380E+03  0.2460E+01  0.8380E+03  0.2440E+02  0.2460E+01  0.1000E+01  0.0000E+00  0.1000E+01  0.1000E+01  0.0000E+00
    3  0.1842E+03  0.9560E+03  0.2420E+01  0.9560E+03  0.2530E+02  0.2420E+01  0.1000E+01  0.0000E+00  0.1000E+01  0.1000E+01  0.0000E+00
    4  0.2019E+03  0.8380E+03  0.2460E+01  0.8380E+03  0.2440E+02  0.2460E+01  0.1000E+01  0.0000E+00  0.1000E+01  0.1000E+01  0.0000E+00
    5  0.1872E+03  0.9700E+03  0.2420E+01  0.9700E+03  0.2570E+02  0.2420E+01  0.1000E+01  0.0000E+00  0.1000E+01  0.1000E+01  0.0000E+00
    6  0.1920E+03  0.9350E+03  0.2420E+01  0.9350E+03  0.2570E+02  0.2420E+01  0.1000E+01  0.0000E+00  0.1000E+01  0.1000E+01  0.0000E+00
    7  0.2019E+03  0.8380E+03  0.2460E+01  0.8380E+03  0.2440E+02  0.2460E+01  0.1000E+01  0.0000E+00  0.1000E+01  0.1000E+01  0.0000E+00
    8  0.2019E+03  0.8380E+03  0.2460E+01  0.8380E+03  0.2440E+02  0.2460E+01  0.1000E+01  0.0000E+00  0.1000E+01  0.1000E+01  0.0000E+00
  cooling pipe information 
 
    1  0.1000E+01  0.1000E+01  0.1167E+01  0.1746E+03  0.4800E+02  0.1000E+01  0.4187E+04  0.4000E+02  0.1600E-01  0.1400E-01    2
    2  0.1500E+01  0.1500E+01  0.1751E+01  0.1978E+03  0.4800E+02  0.1000E+01  0.4187E+04  0.4000E+02  0.1600E-01  0.1400E-01    2
    3  0.1000E+01  0.1000E+01  0.1167E+01  0.1326E+03  0.4800E+02  0.1000E+01  0.4187E+04  0.4000E+02  0.1600E-01  0.1400E-01    2
    4  0.7500E+00  0.7500E+00  0.8754E+00  0.3106E+03  0.4800E+02  0.1000E+01  0.4187E+04  0.4000E+02  0.1600E-01  0.1400E-01    2
    5  0.1500E+01  0.1500E+01  0.1751E+01  0.1870E+03  0.4800E+02  0.1000E+01  0.4187E+04  0.4000E+02  0.1600E-01  0.1400E-01    2
    6  0.7500E+00  0.7500E+00  0.8754E+00  0.2387E+03  0.4800E+02  0.1000E+01  0.4187E+04  0.4000E+02  0.1600E-01  0.1400E-01    2
    7  0.1500E+01  0.1500E+01  0.1751E+01  0.6870E+03  0.4800E+02  0.1000E+01  0.4187E+04  0.4000E+02  0.1600E-01  0.1400E-01    2
    8  0.1500E+01  0.1500E+01  0.1751E+01  0.1751E+03  0.4800E+02  0.1000E+01  0.4187E+04  0.4000E+02  0.1600E-01  0.1400E-01    2
    9  0.1500E+01  0.1500E+01  0.1751E+01  0.1167E+03  0.4800E+02  0.1000E+01  0.4187E+04  0.4000E+02  0.1600E-01  0.1400E-01    2
   10  0.7500E+00  0.1000E+01  0.1011E+01  0.1819E+03  0.4800E+02  0.1000E+01  0.4187E+04  0.4000E+02  0.1600E-01  0.1400E-01    2
   11  0.1500E+01  0.1500E+01  0.1751E+01  0.2399E+03  0.4800E+02  0.1000E+01  0.4187E+04  0.4000E+02  0.1600E-01  0.1400E-01    2
   12  0.7500E+00  0.1000E+01  0.1011E+01  0.2914E+03  0.4800E+02  0.1000E+01  0.4187E+04  0.4000E+02  0.1600E-01  0.1400E-01    2
   13  0.1500E+01  0.1500E+01  0.1751E+01  0.1938E+03  0.4800E+02  0.1000E+01  0.4187E+04  0.4000E+02  0.1600E-01  0.1400E-01    2
   14  0.7500E+00  0.1000E+01  0.1011E+01  0.1621E+03  0.4800E+02  0.1000E+01  0.4187E+04  0.4000E+02  0.1600E-01  0.1400E-01    2
   15  0.1500E+01  0.1500E+01  0.1751E+01  0.3123E+03  0.4800E+02  0.1000E+01  0.4187E+04  0.4000E+02  0.1600E-01  0.1400E-01    2
   16  0.7500E+00  0.1000E+01  0.1011E+01  0.3340E+03  0.4800E+02  0.1000E+01  0.4187E+04  0.4000E+02  0.1600E-01  0.1400E-01    2
   17  0.1500E+01  0.1500E+01  0.1751E+01  0.2461E+03  0.4800E+02  0.1000E+01  0.4187E+04  0.4000E+02  0.1600E-01  0.1400E-01    2
   18  0.7500E+00  0.1000E+01  0.1011E+01  0.2938E+03  0.4800E+02  0.1000E+01  0.4187E+04  0.4000E+02  0.1600E-01  0.1400E-01    2
   19  0.7500E+00  0.1000E+01  0.1011E+01  0.2674E+03  0.4800E+02  0.1000E+01  0.4187E+04  0.4000E+02  0.1600E-01  0.1400E-01    2
   20  0.1500E+01  0.1500E+01  0.1751E+01  0.1551E+03  0.4800E+02  0.1000E+01  0.4187E+04  0.4000E+02  0.1600E-01  0.1400E-01    2
   21  0.7500E+00  0.1000E+01  0.1011E+01  0.2116E+03  0.4800E+02  0.1000E+01  0.4187E+04  0.4000E+02  0.1600E-01  0.1400E-01    2
   22  0.7500E+00  0.7500E+00  0.8754E+00  0.2338E+03  0.4800E+02  0.1000E+01  0.4187E+04  0.4000E+02  0.1600E-01  0.1400E-01    2
   23  0.1500E+01  0.1500E+01  0.1751E+01  0.2708E+03  0.4800E+02  0.1000E+01  0.4187E+04  0.4000E+02  0.1600E-01  0.1400E-01    2
   24  0.1500E+01  0.1500E+01  0.1751E+01  0.2000E+03  0.4800E+02  0.1000E+01  0.4187E+04  0.4000E+02  0.1600E-01  0.1400E-01    2
   25  0.1500E+01  0.1500E+01  0.1751E+01  0.1847E+03  0.4800E+02  0.1000E+01  0.4187E+04  0.4000E+02  0.1600E-01  0.1400E-01    2
   26  0.7500E+00  0.1000E+01  0.1011E+01  0.1829E+03  0.4800E+02  0.1000E+01  0.4187E+04  0.4000E+02  0.1600E-01  0.1400E-01    2
   27  0.1500E+01  0.1500E+01  0.1751E+01  0.1628E+03  0.4800E+02  0.1000E+01  0.4187E+04  0.4000E+02  0.1600E-01  0.1400E-01    2
   28  0.7500E+00  0.1000E+01  0.1011E+01  0.3228E+03  0.4800E+02  0.1000E+01  0.4187E+04  0.4000E+02  0.1600E-01  0.1400E-01    2
   29  0.7500E+00  0.1000E+01  0.1011E+01  0.2000E+03  0.4800E+02  0.1000E+01  0.4187E+04  0.4000E+02  0.1600E-01  0.1400E-01    2
   30  0.1500E+01  0.1500E+01  0.1751E+01  0.2918E+03  0.4800E+02  0.1000E+01  0.4187E+04  0.4000E+02  0.1600E-01  0.1400E-01    2
   31  0.1500E+01  0.1500E+01  0.1751E+01  0.3134E+03  0.4800E+02  0.1000E+01  0.4187E+04  0.4000E+02  0.1600E-01  0.1400E-01    2
   32  0.1500E+01  0.1500E+01  0.1751E+01  0.2850E+03  0.4800E+02  0.1000E+01  0.4187E+04  0.4000E+02  0.1600E-01  0.1400E-01    2
   33  0.7500E+00  0.1000E+01  0.1011E+01  0.1761E+03  0.4800E+02  0.1000E+01  0.4187E+04  0.4000E+02  0.1600E-01  0.1400E-01    2
   34  0.1500E+01  0.1500E+01  0.1751E+01  0.1561E+03  0.4800E+02  0.1000E+01  0.4187E+04  0.4000E+02  0.1600E-01  0.1400E-01    2
   35  0.1000E+01  0.1000E+01  0.1167E+01  0.2059E+03  0.4800E+02  0.1000E+01  0.4187E+04  0.4000E+02  0.1600E-01  0.1400E-01    2
   36  0.1500E+01  0.1500E+01  0.1751E+01  0.2029E+03  0.4800E+02  0.1000E+01  0.4187E+04  0.4000E+02  0.1600E-01  0.1400E-01    2
   37  0.1000E+01  0.1000E+01  0.1167E+01  0.3066E+03  0.4800E+02  0.1000E+01  0.4187E+04  0.4000E+02  0.1600E-01  0.1400E-01    2
   38  0.7500E+00  0.1000E+01  0.1011E+01  0.1887E+03  0.4800E+02  0.1000E+01  0.4187E+04  0.4000E+02  0.1600E-01  0.1400E-01    2
   39  0.1500E+01  0.1500E+01  0.1751E+01  0.1679E+03  0.4800E+02  0.1000E+01  0.4187E+04  0.4000E+02  0.1600E-01  0.1400E-01    2
   40  0.7500E+00  0.1000E+01  0.1011E+01  0.3277E+03  0.4800E+02  0.1000E+01  0.4187E+04  0.4000E+02  0.1600E-01  0.1400E-01    2
   41  0.1000E+01  0.1000E+01  0.1167E+01  0.3395E+03  0.4800E+02  0.1000E+01  0.4187E+04  0.4000E+02  0.1600E-01  0.1400E-01    2
   42  0.1500E+01  0.1500E+01  0.1751E+01  0.3036E+03  0.4800E+02  0.1000E+01  0.4187E+04  0.4000E+02  0.1600E-01  0.1400E-01    2
   43  0.1500E+01  0.1500E+01  0.1751E+01  0.2930E+03  0.4800E+02  0.1000E+01  0.4187E+04  0.4000E+02  0.1600E-01  0.1400E-01    2
   44  0.1500E+01  0.1500E+01  0.1751E+01  0.5692E+03  0.4800E+02  0.1000E+01  0.4187E+04  0.4000E+02  0.1600E-01  0.1400E-01    2
   45  0.1500E+01  0.1500E+01  0.1751E+01  0.2769E+03  0.4800E+02  0.1000E+01  0.4187E+04  0.4000E+02  0.1600E-01  0.1400E-01    2
   46  0.1500E+01  0.1500E+01  0.1751E+01  0.3085E+03  0.4800E+02  0.1000E+01  0.4187E+04  0.4000E+02  0.1600E-01  0.1400E-01    2
   47  0.1000E+01  0.1000E+01  0.1167E+01  0.1493E+03  0.4800E+02  0.1000E+01  0.4187E+04  0.4000E+02  0.1600E-01  0.1400E-01    2
   48  0.1500E+01  0.1500E+01  0.1751E+01  0.1565E+03  0.4800E+02  0.1000E+01  0.4187E+04  0.4000E+02  0.1600E-01  0.1400E-01    2
   49  0.1000E+01  0.1000E+01  0.1167E+01  0.1789E+03  0.4800E+02  0.1000E+01  0.4187E+04  0.4000E+02  0.1600E-01  0.1400E-01    2
   50  0.1500E+01  0.1500E+01  0.1751E+01  0.2027E+03  0.4800E+02  0.1000E+01  0.4187E+04  0.4000E+02  0.1600E-01  0.1400E-01    2
   51  0.5000E+00  0.5000E+00  0.5836E+00  0.2617E+03  0.4800E+02  0.1000E+01  0.4187E+04  0.4000E+02  0.1600E-01  0.1400E-01    2
   52  0.1500E+01  0.1500E+01  0.1751E+01  0.1965E+03  0.4800E+02  0.1000E+01  0.4187E+04  0.4000E+02  0.1600E-01  0.1400E-01    2
   53  0.1500E+01  0.1500E+01  0.1751E+01  0.2780E+03  0.4800E+02  0.1000E+01  0.4187E+04  0.4000E+02  0.1600E-01  0.1400E-01    2
   54  0.7500E+00  0.1000E+01  0.1011E+01  0.3287E+03  0.4800E+02  0.1000E+01  0.4187E+04  0.4000E+02  0.1600E-01  0.1400E-01    2
   55  0.1500E+01  0.1500E+01  0.1751E+01  0.1851E+03  0.4800E+02  0.1000E+01  0.4187E+04  0.4000E+02  0.1600E-01  0.1400E-01    2
   56  0.7500E+00  0.1000E+01  0.1011E+01  0.3193E+03  0.4800E+02  0.1000E+01  0.4187E+04  0.4000E+02  0.1600E-01  0.1400E-01    2
   57  0.1500E+01  0.1500E+01  0.1751E+01  0.3014E+03  0.4800E+02  0.1000E+01  0.4187E+04  0.4000E+02  0.1600E-01  0.1400E-01    2
   58  0.1500E+01  0.1500E+01  0.1751E+01  0.2303E+03  0.4800E+02  0.1000E+01  0.4187E+04  0.4000E+02  0.1600E-01  0.1400E-01    2
   59  0.1500E+01  0.1500E+01  0.1751E+01  0.1897E+03  0.4800E+02  0.1000E+01  0.4187E+04  0.4000E+02  0.1600E-01  0.1400E-01    2
   60  0.1500E+01  0.1500E+01  0.1751E+01  0.2514E+03  0.4800E+02  0.1000E+01  0.4187E+04  0.4000E+02  0.1600E-01  0.1400E-01    2
   61  0.1500E+01  0.1500E+01  0.1751E+01  0.2838E+03  0.4800E+02  0.1000E+01  0.4187E+04  0.4000E+02  0.1600E-01  0.1400E-01    2
   62  0.1000E+01  0.1000E+01  0.1167E+01  0.1749E+03  0.4800E+02  0.1000E+01  0.4187E+04  0.4000E+02  0.1600E-01  0.1400E-01    2
   63  0.1500E+01  0.1500E+01  0.1751E+01  0.2189E+03  0.4800E+02  0.1000E+01  0.4187E+04  0.4000E+02  0.1600E-01  0.1400E-01    2
   64  0.5000E+00  0.5000E+00  0.5836E+00  0.2596E+03  0.4800E+02  0.1000E+01  0.4187E+04  0.4000E+02  0.1600E-01  0.1400E-01    2
   65  0.1500E+01  0.1500E+01  0.1751E+01  0.1867E+03  0.4800E+02  0.1000E+01  0.4187E+04  0.4000E+02  0.1600E-01  0.1400E-01    2
   66  0.1500E+01  0.1500E+01  0.1751E+01  0.1399E+03  0.4800E+02  0.1000E+01  0.4187E+04  0.4000E+02  0.1600E-01  0.1400E-01    2
   67  0.1500E+01  0.1500E+01  0.1751E+01  0.1465E+03  0.4800E+02  0.1000E+01  0.4187E+04  0.4000E+02  0.1600E-01  0.1400E-01    2
   68  0.1000E+01  0.1000E+01  0.1167E+01  0.1513E+03  0.4800E+02  0.1000E+01  0.4187E+04  0.4000E+02  0.1600E-01  0.1400E-01    2
   69  0.1000E+01  0.1000E+01  0.1167E+01  0.2750E+03  0.4800E+02  0.1000E+01  0.4187E+04  0.4000E+02  0.1600E-01  0.1400E-01    2
   70  0.1500E+01  0.1500E+01  0.1751E+01  0.1345E+03  0.4800E+02  0.1000E+01  0.4187E+04  0.4000E+02  0.1600E-01  0.1400E-01    2
   71  0.1500E+01  0.1500E+01  0.1751E+01  0.2000E+03  0.4800E+02  0.1000E+01  0.4187E+04  0.4000E+02  0.1600E-01  0.1400E-01    2
   72  0.1500E+01  0.1500E+01  0.1751E+01  0.1601E+03  0.4800E+02  0.1000E+01  0.4187E+04  0.4000E+02  0.1600E-01  0.1400E-01    2
   73  0.1500E+01  0.1500E+01  0.1751E+01  0.1645E+03  0.4800E+02  0.1000E+01  0.4187E+04  0.4000E+02  0.1600E-01  0.1400E-01    2
   74  0.1500E+01  0.1500E+01  0.1751E+01  0.3061E+03  0.4800E+02  0.1000E+01  0.4187E+04  0.4000E+02  0.1600E-01  0.1400E-01    2
   75  0.1500E+01  0.1500E+01  0.1751E+01  0.2561E+03  0.4800E+02  0.1000E+01  0.4187E+04  0.4000E+02  0.1600E-01  0.1400E-01    2
   76  0.1500E+01  0.1500E+01  0.1751E+01  0.3011E+03  0.4800E+02  0.1000E+01  0.4187E+04  0.4000E+02  0.1600E-01  0.1400E-01    2
   77  0.7500E+00  0.1000E+01  0.1011E+01  0.2674E+03  0.4800E+02  0.1000E+01  0.4187E+04  0.4000E+02  0.1600E-01  0.1400E-01    2
   78  0.1500E+01  0.1500E+01  0.1751E+01  0.1511E+03  0.4800E+02  0.1000E+01  0.4187E+04  0.4000E+02  0.1600E-01  0.1400E-01    2
   79  0.7500E+00  0.1000E+01  0.1011E+01  0.2783E+03  0.4800E+02  0.1000E+01  0.4187E+04  0.4000E+02  0.1600E-01  0.1400E-01    2
   80  0.1500E+01  0.1500E+01  0.1751E+01  0.2000E+03  0.4800E+02  0.1000E+01  0.4187E+04  0.4000E+02  0.1600E-01  0.1400E-01    2
   81  0.1500E+01  0.1500E+01  0.1751E+01  0.1888E+03  0.4800E+02  0.1000E+01  0.4187E+04  0.4000E+02  0.1600E-01  0.1400E-01    2
   82  0.1500E+01  0.1000E+01  0.1430E+01  0.2382E+03  0.4800E+02  0.1000E+01  0.4187E+04  0.4000E+02  0.1600E-01  0.1400E-01    2
   83  0.1500E+01  0.1500E+01  0.1751E+01  0.1716E+03  0.4800E+02  0.1000E+01  0.4187E+04  0.4000E+02  0.1600E-01  0.1400E-01    2
   84  0.1500E+01  0.1500E+01  0.1751E+01  0.2776E+03  0.4800E+02  0.1000E+01  0.4187E+04  0.4000E+02  0.1600E-01  0.1400E-01    2
   85  0.1500E+01  0.1500E+01  0.1751E+01  0.1131E+03  0.4800E+02  0.1000E+01  0.4187E+04  0.4000E+02  0.1600E-01  0.1400E-01    2
   86  0.1500E+01  0.1500E+01  0.1751E+01  0.3063E+03  0.4800E+02  0.1000E+01  0.4187E+04  0.4000E+02  0.1600E-01  0.1400E-01    2
   87  0.7500E+00  0.1000E+01  0.1011E+01  0.2949E+03  0.4800E+02  0.1000E+01  0.4187E+04  0.4000E+02  0.1600E-01  0.1400E-01    2
   88  0.7500E+00  0.1000E+01  0.1011E+01  0.9210E+02  0.4800E+02  0.1000E+01  0.4187E+04  0.4000E+02  0.1600E-01  0.1400E-01    2
   89  0.7500E+00  0.7500E+00  0.8754E+00  0.2418E+03  0.4800E+02  0.1000E+01  0.4187E+04  0.4000E+02  0.1600E-01  0.1400E-01    2
   90  0.7500E+00  0.1000E+01  0.1011E+01  0.1598E+03  0.4800E+02  0.1000E+01  0.4187E+04  0.4000E+02  0.1600E-01  0.1400E-01    2
   91  0.1500E+01  0.1500E+01  0.1751E+01  0.1109E+03  0.4800E+02  0.1000E+01  0.4187E+04  0.4000E+02  0.1600E-01  0.1400E-01    2
   92  0.1500E+01  0.7500E+00  0.1238E+01  0.1663E+03  0.4800E+02  0.1000E+01  0.4187E+04  0.4000E+02  0.1600E-01  0.1400E-01    2
   93  0.1500E+01  0.1500E+01  0.1751E+01  0.1758E+03  0.4800E+02  0.1000E+01  0.4187E+04  0.4000E+02  0.1600E-01  0.1400E-01    2
   94  0.1500E+01  0.1500E+01  0.1751E+01  0.2488E+03  0.4800E+02  0.1000E+01  0.4187E+04  0.4000E+02  0.1600E-01  0.1400E-01    2
   95  0.1500E+01  0.1500E+01  0.1751E+01  0.2801E+03  0.4800E+02  0.1000E+01  0.4187E+04  0.4000E+02  0.1600E-01  0.1400E-01    2
   96  0.1500E+01  0.1500E+01  0.1751E+01  0.1403E+03  0.4800E+02  0.1000E+01  0.4187E+04  0.4000E+02  0.1600E-01  0.1400E-01    2
   97  0.1500E+01  0.1500E+01  0.1751E+01  0.1254E+03  0.4800E+02  0.1000E+01  0.4187E+04  0.4000E+02  0.1600E-01  0.1400E-01    2
   98  0.1500E+01  0.1500E+01  0.1751E+01  0.3113E+03  0.4800E+02  0.1000E+01  0.4187E+04  0.4000E+02  0.1600E-01  0.1400E-01    2
   99  0.1500E+01  0.1500E+01  0.1751E+01  0.1659E+03  0.4800E+02  0.1000E+01  0.4187E+04  0.4000E+02  0.1600E-01  0.1400E-01    2
  100  0.1500E+01  0.1500E+01  0.1751E+01  0.3058E+03  0.4800E+02  0.1000E+01  0.4187E+04  0.4000E+02  0.1600E-01  0.1400E-01    2
  101  0.1500E+01  0.1500E+01  0.1751E+01  0.2687E+03  0.4800E+02  0.1000E+01  0.4187E+04  0.4000E+02  0.1600E-01  0.1400E-01    2
  102  0.1000E+01  0.7500E+00  0.1011E+01  0.2000E+03  0.4800E+02  0.1000E+01  0.4187E+04  0.4000E+02  0.1600E-01  0.1400E-01    2
  103  0.1500E+01  0.1500E+01  0.1751E+01  0.2679E+03  0.4800E+02  0.1000E+01  0.4187E+04  0.4000E+02  0.1600E-01  0.1400E-01    2
  104  0.1000E+01  0.1500E+01  0.1430E+01  0.2147E+03  0.4800E+02  0.1000E+01  0.4187E+04  0.4000E+02  0.1600E-01  0.1400E-01    2
  105  0.7500E+00  0.1000E+01  0.1011E+01  0.1615E+03  0.4800E+02  0.1000E+01  0.4187E+04  0.4000E+02  0.1600E-01  0.1400E-01    2
  106  0.1500E+01  0.1500E+01  0.1751E+01  0.1049E+03  0.4800E+02  0.1000E+01  0.4187E+04  0.4000E+02  0.1600E-01  0.1400E-01    2
  107  0.7500E+00  0.7500E+00  0.8754E+00  0.2769E+03  0.4800E+02  0.1000E+01  0.4187E+04  0.4000E+02  0.1600E-01  0.1400E-01    2
  108  0.1500E+01  0.1500E+01  0.1751E+01  0.2474E+03  0.4800E+02  0.1000E+01  0.4187E+04  0.4000E+02  0.1600E-01  0.1400E-01    2
  109  0.1500E+01  0.1500E+01  0.1751E+01  0.2753E+03  0.4800E+02  0.1000E+01  0.4187E+04  0.4000E+02  0.1600E-01  0.1400E-01    2
  110  0.1500E+01  0.1500E+01  0.1751E+01  0.2753E+03  0.4800E+02  0.1000E+01  0.4187E+04  0.4000E+02  0.1600E-01  0.1400E-01    2
  111  0.1000E+01  0.7500E+00  0.1011E+01  0.1699E+03  0.4800E+02  0.1000E+01  0.4187E+04  0.4000E+02  0.1600E-01  0.1400E-01    2
  112  0.1500E+01  0.1500E+01  0.1751E+01  0.7310E+02  0.4800E+02  0.1000E+01  0.4187E+04  0.4000E+02  0.1600E-01  0.1400E-01    2
  113  0.1500E+01  0.5000E+00  0.1011E+01  0.1625E+03  0.4800E+02  0.1000E+01  0.4187E+04  0.4000E+02  0.1600E-01  0.1400E-01    2
  114  0.1500E+01  0.1500E+01  0.1751E+01  0.1582E+03  0.4800E+02  0.1000E+01  0.4187E+04  0.4000E+02  0.1600E-01  0.1400E-01    2
  115  0.1500E+01  0.1500E+01  0.1751E+01  0.1754E+03  0.4800E+02  0.1000E+01  0.4187E+04  0.4000E+02  0.1600E-01  0.1400E-01    2
  116  0.1500E+01  0.1500E+01  0.1751E+01  0.2697E+03  0.4800E+02  0.1000E+01  0.4187E+04  0.4000E+02  0.1600E-01  0.1400E-01    2
  117  0.1500E+01  0.1500E+01  0.1751E+01  0.2000E+03  0.4800E+02  0.1000E+01  0.4187E+04  0.4000E+02  0.1600E-01  0.1400E-01    2
  118  0.1500E+01  0.1500E+01  0.1751E+01  0.2816E+03  0.4800E+02  0.1000E+01  0.4187E+04  0.4000E+02  0.1600E-01  0.1400E-01    2
  119  0.7500E+00  0.1000E+01  0.1011E+01  0.1674E+03  0.4800E+02  0.1000E+01  0.4187E+04  0.4000E+02  0.1600E-01  0.1400E-01    2
  120  0.1500E+01  0.1500E+01  0.1751E+01  0.2366E+03  0.4800E+02  0.1000E+01  0.4187E+04  0.4000E+02  0.1600E-01  0.1400E-01    2
  121  0.7500E+00  0.7500E+00  0.8754E+00  0.2721E+03  0.4800E+02  0.1000E+01  0.4187E+04  0.4000E+02  0.1600E-01  0.1400E-01    2
  122  0.1500E+01  0.1500E+01  0.1751E+01  0.2836E+03  0.4800E+02  0.1000E+01  0.4187E+04  0.4000E+02  0.1600E-01  0.1400E-01    2
  123  0.1500E+01  0.1500E+01  0.1751E+01  0.2169E+03  0.4800E+02  0.1000E+01  0.4187E+04  0.4000E+02  0.1600E-01  0.1400E-01    2
  124  0.7500E+00  0.1000E+01  0.1011E+01  0.1953E+03  0.4800E+02  0.1000E+01  0.4187E+04  0.4000E+02  0.1600E-01  0.1400E-01    2
  125  0.1500E+01  0.1500E+01  0.1751E+01  0.2695E+03  0.4800E+02  0.1000E+01  0.4187E+04  0.4000E+02  0.1600E-01  0.1400E-01    2
  126  0.7500E+00  0.7500E+00  0.8754E+00  0.2213E+03  0.4800E+02  0.1000E+01  0.4187E+04  0.4000E+02  0.1600E-01  0.1400E-01    2
  127  0.1500E+01  0.1500E+01  0.1751E+01  0.2000E+03  0.4800E+02  0.1000E+01  0.4187E+04  0.4000E+02  0.1600E-01  0.1400E-01    2
  128  0.1500E+01  0.1500E+01  0.1751E+01  0.2647E+03  0.4800E+02  0.1000E+01  0.4187E+04  0.4000E+02  0.1600E-01  0.1400E-01    2
  129  0.1500E+01  0.1500E+01  0.1751E+01  0.2829E+03  0.4800E+02  0.1000E+01  0.4187E+04  0.4000E+02  0.1600E-01  0.1400E-01    2
  130  0.1500E+01  0.1500E+01  0.1751E+01  0.3096E+03  0.4800E+02  0.1000E+01  0.4187E+04  0.4000E+02  0.1600E-01  0.1400E-01    2
  131  0.1500E+01  0.1500E+01  0.1751E+01  0.2639E+03  0.4800E+02  0.1000E+01  0.4187E+04  0.4000E+02  0.1600E-01  0.1400E-01    2
  132  0.7500E+00  0.1000E+01  0.1011E+01  0.1637E+03  0.4800E+02  0.1000E+01  0.4187E+04  0.4000E+02  0.1600E-01  0.1400E-01    2
  133  0.1500E+01  0.1500E+01  0.1751E+01  0.2378E+03  0.4800E+02  0.1000E+01  0.4187E+04  0.4000E+02  0.1600E-01  0.1400E-01    2
  134  0.1500E+01  0.7500E+00  0.1238E+01  0.2808E+03  0.4800E+02  0.1000E+01  0.4187E+04  0.4000E+02  0.1600E-01  0.1400E-01    2
  135  0.1500E+01  0.1500E+01  0.1751E+01  0.2319E+03  0.4800E+02  0.1000E+01  0.4187E+04  0.4000E+02  0.1600E-01  0.1400E-01    2
  136  0.1500E+01  0.1500E+01  0.1751E+01  0.2000E+03  0.4800E+02  0.1000E+01  0.4187E+04  0.4000E+02  0.1600E-01  0.1400E-01    2
  137  0.1500E+01  0.1500E+01  0.1751E+01  0.2813E+03  0.4800E+02  0.1000E+01  0.4187E+04  0.4000E+02  0.1600E-01  0.1400E-01    2
  138  0.7500E+00  0.1000E+01  0.1011E+01  0.3000E+03  0.4800E+02  0.1000E+01  0.4187E+04  0.4000E+02  0.1600E-01  0.1400E-01    2
  139  0.1500E+01  0.1500E+01  0.1751E+01  0.2473E+03  0.4800E+02  0.1000E+01  0.4187E+04  0.4000E+02  0.1600E-01  0.1400E-01    2
  140  0.1200E+01  0.5000E+00  0.9041E+00  0.2000E+03  0.4800E+02  0.1000E+01  0.4187E+04  0.4000E+02  0.1600E-01  0.1400E-01    2
  141  0.1500E+01  0.1500E+01  0.1751E+01  0.2879E+03  0.4800E+02  0.1000E+01  0.4187E+04  0.4000E+02  0.1600E-01  0.1400E-01    2
  142  0.1500E+01  0.1500E+01  0.1751E+01  0.2975E+03  0.4800E+02  0.1000E+01  0.4187E+04  0.4000E+02  0.1600E-01  0.1400E-01    2
  143  0.7500E+00  0.1000E+01  0.1011E+01  0.2198E+03  0.4800E+02  0.1000E+01  0.4187E+04  0.4000E+02  0.1600E-01  0.1400E-01    2
  144  0.1500E+01  0.7500E+00  0.1238E+01  0.9850E+02  0.4800E+02  0.1000E+01  0.4187E+04  0.4000E+02  0.1600E-01  0.1400E-01    2
  145  0.1500E+01  0.5000E+00  0.1011E+01  0.2047E+03  0.4800E+02  0.1000E+01  0.4187E+04  0.4000E+02  0.1600E-01  0.1400E-01    2
  146  0.1500E+01  0.1500E+01  0.1751E+01  0.2000E+03  0.4800E+02  0.1000E+01  0.4187E+04  0.4000E+02  0.1600E-01  0.1400E-01    2
  147  0.1500E+01  0.1500E+01  0.1751E+01  0.2000E+03  0.4800E+02  0.1000E+01  0.4187E+04  0.4000E+02  0.1600E-01  0.1400E-01    2
  148  0.1500E+01  0.1500E+01  0.1751E+01  0.2474E+03  0.4800E+02  0.1000E+01  0.4187E+04  0.4000E+02  0.1600E-01  0.1400E-01    2
  149  0.1500E+01  0.1500E+01  0.1751E+01  0.2793E+03  0.4800E+02  0.1000E+01  0.4187E+04  0.4000E+02  0.1600E-01  0.1400E-01    2
  150  0.1500E+01  0.1500E+01  0.1751E+01  0.2670E+03  0.4800E+02  0.1000E+01  0.4187E+04  0.4000E+02  0.1600E-01  0.1400E-01    2
  151  0.1500E+01  0.1500E+01  0.1751E+01  0.2000E+03  0.4800E+02  0.1000E+01  0.4187E+04  0.4000E+02  0.1600E-01  0.1400E-01    2
  152  0.1500E+01  0.1500E+01  0.1751E+01  0.2629E+03  0.4800E+02  0.1000E+01  0.4187E+04  0.4000E+02  0.1600E-01  0.1400E-01    2
  156  0.1500E+01  0.1500E+01  0.1751E+01  0.2812E+03  0.4800E+02  0.1000E+01  0.4187E+04  0.4000E+02  0.1600E-01  0.1400E-01    2
  157  0.1500E+01  0.1500E+01  0.1751E+01  0.2646E+03  0.4800E+02  0.1000E+01  0.4187E+04  0.4000E+02  0.1600E-01  0.1400E-01    2
  158  0.7500E+00  0.1000E+01  0.1011E+01  0.2273E+03  0.4800E+02  0.1000E+01  0.4187E+04  0.4000E+02  0.1600E-01  0.1400E-01    2
  159  0.1500E+01  0.1500E+01  0.1751E+01  0.2038E+03  0.4800E+02  0.1000E+01  0.4187E+04  0.4000E+02  0.1600E-01  0.1400E-01    2
  160  0.1500E+01  0.7500E+00  0.1238E+01  0.1733E+03  0.4800E+02  0.1000E+01  0.4187E+04  0.4000E+02  0.1600E-01  0.1400E-01    2
  161  0.1500E+01  0.1500E+01  0.1751E+01  0.2997E+03  0.4800E+02  0.1000E+01  0.4187E+04  0.4000E+02  0.1600E-01  0.1400E-01    2
  162  0.1500E+01  0.1500E+01  0.1751E+01  0.3107E+03  0.4800E+02  0.1000E+01  0.4187E+04  0.4000E+02  0.1600E-01  0.1400E-01    2
  163  0.1500E+01  0.1500E+01  0.1751E+01  0.3115E+03  0.4800E+02  0.1000E+01  0.4187E+04  0.4000E+02  0.1600E-01  0.1400E-01    2
  164  0.1500E+01  0.1500E+01  0.1751E+01  0.3061E+03  0.4800E+02  0.1000E+01  0.4187E+04  0.4000E+02  0.1600E-01  0.1400E-01    2
  165  0.7500E+00  0.1000E+01  0.1011E+01  0.2000E+03  0.4800E+02  0.1000E+01  0.4187E+04  0.4000E+02  0.1600E-01  0.1400E-01    2
  166  0.1500E+01  0.1500E+01  0.1751E+01  0.2000E+03  0.4800E+02  0.1000E+01  0.4187E+04  0.4000E+02  0.1600E-01  0.1400E-01    2
  167  0.1500E+01  0.7500E+00  0.1238E+01  0.2000E+03  0.4800E+02  0.1000E+01  0.4187E+04  0.4000E+02  0.1600E-01  0.1400E-01    2
  168  0.1500E+01  0.1500E+01  0.1751E+01  0.2000E+03  0.4800E+02  0.1000E+01  0.4187E+04  0.4000E+02  0.1600E-01  0.1400E-01    2
  169  0.1500E+01  0.1500E+01  0.1751E+01  0.2778E+03  0.4800E+02  0.1000E+01  0.4187E+04  0.4000E+02  0.1600E-01  0.1400E-01    2
  170  0.1500E+01  0.1500E+01  0.1751E+01  0.3027E+03  0.4800E+02  0.1000E+01  0.4187E+04  0.4000E+02  0.1600E-01  0.1400E-01    2
  171  0.1500E+01  0.1500E+01  0.1751E+01  0.2903E+03  0.4800E+02  0.1000E+01  0.4187E+04  0.4000E+02  0.1600E-01  0.1400E-01    2
  172  0.1500E+01  0.1500E+01  0.1751E+01  0.2931E+03  0.4800E+02  0.1000E+01  0.4187E+04  0.4000E+02  0.1600E-01  0.1400E-01    2
  173  0.7500E+00  0.1000E+01  0.1011E+01  0.3070E+03  0.4800E+02  0.1000E+01  0.4187E+04  0.4000E+02  0.1600E-01  0.1400E-01    2
  174  0.1200E+01  0.1500E+01  0.1566E+01  0.2457E+03  0.4800E+02  0.1000E+01  0.4187E+04  0.4000E+02  0.1600E-01  0.1400E-01    2
  175  0.1000E+01  0.7500E+00  0.1011E+01  0.2748E+03  0.4800E+02  0.1000E+01  0.4187E+04  0.4000E+02  0.1600E-01  0.1400E-01    2
  176  0.7500E+00  0.1000E+01  0.1011E+01  0.2969E+03  0.4800E+02  0.1000E+01  0.4187E+04  0.4000E+02  0.1600E-01  0.1400E-01    2
  177  0.1500E+01  0.1500E+01  0.1751E+01  0.2784E+03  0.4800E+02  0.1000E+01  0.4187E+04  0.4000E+02  0.1600E-01  0.1400E-01    2
  178  0.1000E+01  0.1500E+01  0.1430E+01  0.1917E+03  0.4800E+02  0.1000E+01  0.4187E+04  0.4000E+02  0.1600E-01  0.1400E-01    2
  179  0.1500E+01  0.1500E+01  0.1751E+01  0.2961E+03  0.4800E+02  0.1000E+01  0.4187E+04  0.4000E+02  0.1600E-01  0.1400E-01    2
  180  0.1500E+01  0.1500E+01  0.1751E+01  0.2927E+03  0.4800E+02  0.1000E+01  0.4187E+04  0.4000E+02  0.1600E-01  0.1400E-01    2
  181  0.1500E+01  0.1500E+01  0.1751E+01  0.2813E+03  0.4800E+02  0.1000E+01  0.4187E+04  0.4000E+02  0.1600E-01  0.1400E-01    2
  182  0.1500E+01  0.1500E+01  0.1751E+01  0.2251E+03  0.4800E+02  0.1000E+01  0.4187E+04  0.4000E+02  0.1600E-01  0.1400E-01    2
  183  0.1500E+01  0.1500E+01  0.1751E+01  0.3015E+03  0.4800E+02  0.1000E+01  0.4187E+04  0.4000E+02  0.1600E-01  0.1400E-01    2
  184  0.1500E+01  0.1500E+01  0.1751E+01  0.6620E+02  0.4800E+02  0.1000E+01  0.4187E+04  0.4000E+02  0.1600E-01  0.1400E-01    2
  185  0.1000E+01  0.1000E+01  0.1167E+01  0.1925E+03  0.4800E+02  0.1000E+01  0.4187E+04  0.4000E+02  0.1600E-01  0.1400E-01    2
  186  0.1500E+01  0.1500E+01  0.1751E+01  0.2854E+03  0.4800E+02  0.1000E+01  0.4187E+04  0.4000E+02  0.1600E-01  0.1400E-01    2
  187  0.1000E+01  0.1000E+01  0.1167E+01  0.3053E+03  0.4800E+02  0.1000E+01  0.4187E+04  0.4000E+02  0.1600E-01  0.1400E-01    2
  188  0.7500E+00  0.1000E+01  0.1011E+01  0.1728E+03  0.4800E+02  0.1000E+01  0.4187E+04  0.4000E+02  0.1600E-01  0.1400E-01    2
  189  0.1500E+01  0.1500E+01  0.1751E+01  0.2421E+03  0.4800E+02  0.1000E+01  0.4187E+04  0.4000E+02  0.1600E-01  0.1400E-01    2
  190  0.1500E+01  0.1500E+01  0.1751E+01  0.3005E+03  0.4800E+02  0.1000E+01  0.4187E+04  0.4000E+02  0.1600E-01  0.1400E-01    2
  191  0.1500E+01  0.1500E+01  0.1751E+01  0.2637E+03  0.4800E+02  0.1000E+01  0.4187E+04  0.4000E+02  0.1600E-01  0.1400E-01    2
  192  0.7500E+00  0.1000E+01  0.1011E+01  0.2012E+03  0.4800E+02  0.1000E+01  0.4187E+04  0.4000E+02  0.1600E-01  0.1400E-01    2
  193  0.1500E+01  0.1500E+01  0.1751E+01  0.2899E+03  0.4800E+02  0.1000E+01  0.4187E+04  0.4000E+02  0.1600E-01  0.1400E-01    2
  194  0.7500E+00  0.7500E+00  0.8754E+00  0.2560E+03  0.4800E+02  0.1000E+01  0.4187E+04  0.4000E+02  0.1600E-01  0.1400E-01    2
  195  0.1500E+01  0.1500E+01  0.1751E+01  0.3015E+03  0.4800E+02  0.1000E+01  0.4187E+04  0.4000E+02  0.1600E-01  0.1400E-01    2
  196  0.1500E+01  0.1500E+01  0.1751E+01  0.2624E+03  0.4800E+02  0.1000E+01  0.4187E+04  0.4000E+02  0.1600E-01  0.1400E-01    2
  197  0.1500E+01  0.1500E+01  0.1751E+01  0.2032E+03  0.4800E+02  0.1000E+01  0.4187E+04  0.4000E+02  0.1600E-01  0.1400E-01    2
  198  0.1500E+01  0.1500E+01  0.1751E+01  0.2688E+03  0.4800E+02  0.1000E+01  0.4187E+04  0.4000E+02  0.1600E-01  0.1400E-01    2
  199  0.1500E+01  0.1500E+01  0.1751E+01  0.9600E+02  0.4800E+02  0.1000E+01  0.4187E+04  0.4000E+02  0.1600E-01  0.1400E-01    2
  200  0.7500E+00  0.1000E+01  0.1011E+01  0.2579E+03  0.4800E+02  0.1000E+01  0.4187E+04  0.4000E+02  0.1600E-01  0.1400E-01    2
  201  0.1500E+01  0.1500E+01  0.1751E+01  0.2480E+03  0.4800E+02  0.1000E+01  0.4187E+04  0.4000E+02  0.1600E-01  0.1400E-01    2
  202  0.7500E+00  0.7500E+00  0.8754E+00  0.3933E+03  0.4800E+02  0.1000E+01  0.4187E+04  0.4000E+02  0.1600E-01  0.1400E-01    2
  203  0.1500E+01  0.1500E+01  0.1751E+01  0.2617E+03  0.4800E+02  0.1000E+01  0.4187E+04  0.4000E+02  0.1600E-01  0.1400E-01    2
  204  0.1500E+01  0.1500E+01  0.1751E+01  0.2412E+03  0.4800E+02  0.1000E+01  0.4187E+04  0.4000E+02  0.1600E-01  0.1400E-01    2
  205  0.7500E+00  0.1000E+01  0.1011E+01  0.2479E+03  0.4800E+02  0.1000E+01  0.4187E+04  0.4000E+02  0.1600E-01  0.1400E-01    2
  206  0.1500E+01  0.1500E+01  0.1751E+01  0.2301E+03  0.4800E+02  0.1000E+01  0.4187E+04  0.4000E+02  0.1600E-01  0.1400E-01    2
  207  0.7500E+00  0.7500E+00  0.8754E+00  0.1905E+03  0.4800E+02  0.1000E+01  0.4187E+04  0.4000E+02  0.1600E-01  0.1400E-01    2
  Number of silo =           207
  I1  date_place n_mat n_pip i_bata T_place H_layer  Cover_date  zid_cool_date  
 sec_cool_date   Grouting_date i_curve cang_num 
   1    2019082413   2   1   1   12.14    1.50  2019090503    2020020811    2020061710      3
   2    2019082413   2   2   1   12.01    1.50  2019090503    2020020811    2020061710      3
   3    2019082413   2   3   1   11.86    1.50  2019090503    2020020811    2020061710      3
   4    2019090503   2   4   1   12.23    1.50  2019092600    2020020811    2020061710      3
   5    2019090503   2   5   1   11.80    1.50  2019092600    2020020811    2020061710      3
   6    2019090503   2   6   1   11.85    1.50  2019092600    2020020811    2020061710      3
   7    2019091403   2   7   1   12.20    4.50  2019092908    2020011910    2020050810      4
   8    2019092016   2   8   1   11.39    3.00  2019093023    2020020811    2020061710      3
   9    2019092016   2   9   1   11.25    3.00  2019093023    2020020811    2020061710      3
  10    2019092600   1  10   1   12.09    3.00  2019101208    2020030214    2020061710      3
  11    2019092600   2  11   1   11.59    3.00  2019101208    2020030214    2020061710      3
  12    2019092600   1  12   1   11.80    3.00  2019101208    2020030214    2020061710      3
  13    2019092909   2  13   1   11.92    4.50  2019102020    2020020109    2020050810      3
  14    2019093023   2  14   1   12.78    1.50  2019101816    2020030214    2020061710      3
  15    2019093023   2  15   1   12.43    1.50  2019101816    2020030214    2020061710      3
  16    2019101015   2  16   1   11.27    3.00  2019102610    2020020811    2020061710      3
  17    2019101015   2  17   1   11.32    3.00  2019102610    2020020811    2020061710      3
  18    2019101015   2  18   1   11.20    3.00  2019102610    2020020811    2020061710      3
  19    2019101208   1  19   1   11.35    3.00  2019111204    2020032710    2020061710      3
  20    2019101208   1  20   1   11.91    3.00  2019111204    2020032710    2020061710      3
  21    2019101208   1  21   1   12.22    3.00  2019111204    2020032710    2020061710      3
  22    2019101816   2  22   1   10.80    4.50  2019102809    2020032710    2020061710      3
  23    2019101816   2  23   1   10.73    4.50  2019102809    2020032710    2020061710      3
  24    2019102020   2  24   1   11.52    4.50  2019110319    2020020811    2020061710      3
  25    2019102501   1  25   1   12.16    4.50  2019110505    2020020811    2020061710      4
  26    2019102610   1  26   1   11.40    3.00  2019111416    2020030214    2020061710      3
  27    2019102610   2  27   1   11.39    3.00  2019111416    2020030214    2020061710      3
  28    2019102610   1  28   1   12.06    3.00  2019111416    2020030214    2020061710      3
  29    2019102809   2  29   1   10.95    4.50  2019110905    2020033009    2020080800      3
  30    2019102809   2  30   1   11.13    4.50  2019110905    2020033009    2020080800      3
  31    2019110319   2  31   1   10.97    3.00  2019112223    2020032710    2020061710      3
  32    2019110505   2  32   1   11.14    3.00  2019111922    2020030214    2020061710      4
  33    2019110905   2  33   1   11.40    3.50  2019112405    2020050314    2022080800      3
  34    2019110905   2  34   1   11.46    3.50  2019112405    2020050314    2022080800      3
  35    2019111203   1  35   1   11.29    3.00  2019112519    2020033009    2020080800      3
  36    2019111203   1  36   1   11.00    3.00  2019112519    2020033009    2020080800      3
  37    2019111203   1  37   1   11.79    3.00  2019112519    2020033009    2020080800      3
  38    2019111416   1  38   1   10.27    3.00  2019121416    2020032710    2020061710      3
  39    2019111416   1  39   1    9.87    3.00  2019121416    2020032710    2020061710      3
  40    2019111416   1  40   1   10.17    3.00  2019121416    2020032710    2020061710      3
  41    2019111619   2  41   1   10.88    3.00  2019113016    2020020811    2020061710      3
  42    2019111619   2  42   1    9.42    3.00  2019113016    2020020811    2020061710      3
  43    2019111619   2  43   1   10.62    3.00  2019113016    2020020811    2020061710      3
  44    2019111806   2  44   1   11.43    4.50  2019112713    2020020811    2020061710      4
  45    2019111922   1  45   1   10.93    3.50  2019120205    2020033009    2020080800      4
  46    2019112223   2  46   1   12.03    3.50  2019120319    2020033009    2020080800      3
  47    2019112405   2  47   1   12.16    1.50  2019120216    2020050314    2022080800      3
  48    2019112405   2  48   1   12.05    1.50  2019120216    2020050314    2022080800      3
  49    2019112519   1  49   1   11.33    2.70  2019120818    2020050314    2022080800      3
  50    2019112519   1  50   1   10.85    2.70  2019120818    2020050314    2022080800      3
  51    2019112519   3  51   1   11.17    2.70  2019120818    2020050314    2022080800      3
  52    2019112713   2  52   1   11.45    3.00  2019120622    2020030214    2020061710      4
  53    2019112905   1  53   1   11.20    4.50  2019121113    2020020811    2020061710      4
  54    2019113016   1  54   1   11.00    3.00  2019122106    2020030214    2020061710      3
  55    2019113016   2  55   1   11.07    3.00  2019122106    2020030214    2020061710      3
  56    2019113016   1  56   1   11.14    3.00  2019122106    2020030214    2020061710      3
  57    2019120205   2  57   1   11.34    3.00  2019121016    2020050314    2022080800      4
  58    2019120216   2  58   1   11.43    3.00  2019121205    2020050314    2022080800      3
  59    2019120319   2  59   1   11.21    3.00  2019121704    2020050314    2022080800      3
  60    2019120322   1  60   1   10.79    3.20  2019121620    2020020811    2020050815      1
  61    2019120622   2  61   1   11.28    3.00  2019121806    2020032710    2020061710      4
  62    2019120818   1  62   1   13.00    3.21  2019123111    2020050314    2022080800      3
  63    2019120818   1  63   1   11.97    3.21  2019123111    2020050314    2022080800      3
  64    2019120818   3  64   1   12.79    3.21  2019123111    2020050314    2022080800      3
  65    2019121016   2  65   1   12.28    3.00  2019122222    2020050314    2022080800      4
  66    2019121113   2  66   1   12.77    3.00  2019122006    2020032710    2020061710      4
  67    2019121205   1  67   1   11.64    3.00  2019121922    DataMissing   2022080800      3
  68    2019121416   1  68   1   11.25    3.00  2020010206    2020033009    2020080800      1
  69    2019121416   1  69   1   12.22    3.00  2020010206    2020033009    2020080800      1
  70    2019121416   1  70   1   12.57    3.00  2020010206    2020033009    2020080800      1
  71    2019121620   1  71   1   11.45    3.20  2019122622    2020020811    2020061710      1
  72    2019121704   2  72   1   12.57    3.00  2019122802    2020050314    2022080800      3
  73    2019121821   1  73   1   11.95    3.00  2019122514    2020020811    2020061710      1
  74    2019121806   2  74   1   12.09    3.00  2019122913    2020033009    2020080800      4
  75    2019121922   2  75   1   11.24    1.50  2020010400    2020020401    2020080800      3
  76    2019122006   2  76   1   12.65    1.50  2020011014    2020032710    2020080800      4
  77    2019122106   1  77   1   11.78    2.70  2020012015    2020032710    2020061710      3
  78    2019122106   1  78   1   12.23    2.70  2020012015    2020032710    2020061710      3
  79    2019122106   1  79   1   11.60    2.70  2020012015    2020032710    2020061710      3
  80    2019122404   1  80   1   12.17    4.60  2020010814    2020020810    2020062014      1
  81    2019122222   1  81   1   11.54    4.50  DataMissing   2020020808    2020080800      4
  82    2019122422   1  82   1   12.25    4.49  2020011202    2020020814    2020062014      1
  83    2019122521   1  83   1   11.62    3.00  2020010403    2020030214    2020061710      1
  84    2019122622   1  84   1   11.54    3.00  2020010923    2020030217    2020061710      1
  85    2019122802   2  85   1   10.94    4.50  2020011703    DataMissing   2022080800      3
  86    2019122913   2  86   1   10.81    3.00  2020011402    2020050314    2022080800      4
  87    2019123111   1  87   1   11.69    2.19  2020011801    2020021803    2020080800      3
  88    2019123111   1  88   1   11.33    2.19  2020011801    2020021803    2020080800      3
  89    2019123111   1  89   1   11.50    2.19  2020011801    2020021803    2020080800      3
  90    2020010206   1  90   1   11.50    3.00  2020013115    2020050314    2022080800      3
  91    2020010206   1  91   1   11.91    3.00  2020013115    2020050314    2022080800      3
  92    2020010206   1  92   1   12.42    3.00  2020013115    2020050314    2022080800      3
  93    2020010403   1  93   1   12.48    3.00  2020012702    2020032710    2020061710      2
  94    2020010400   2  94   1   12.18    4.50  2020012704    DataMissing   2022080800      3
  95    2020010808   2  95   1   11.65    4.50  2020012900    2020022902    2020080800      4
  96    2020010822   1  96   1   11.84    3.00  2020020416    2020030214    2020062014      1
  97    2020010923   1  97   1   12.09    3.00  2020020119    2020033009    2020080800      4
  98    2020011014   2  98   1   12.03    1.50  2020031311    2020033009    2020080800      4
  99    2020011202   1  99   1   11.43    3.20  2020020712    2020030214    2020062014      1
 100    2020011402   2 100   1   11.38    4.50  2020021201    2020050314    2022080800      4
 101    2020011703   2 101   1   11.56    2.50  2020020600    DataMissing   2022080800      3
 102    2020011801   1 102   1   11.94    2.00  2020022901    2020040108    2020080800      3
 103    2020011801   1 103   1   12.72    2.00  2020022901    2020040108    2020080800      3
 104    2020011801   1 104   1   11.79    2.00  2020022901    2020040108    2020080800      3
 105    2020012015   1 105   1   11.78    3.00  2020021518    2020033009    2020080800      3
 106    2020012015   1 106   1   12.43    3.00  2020021518    2020033009    2020080800      3
 107    2020012015   1 107   1   11.70    3.00  2020021518    2020033009    2020080800      3
 108    2020012704   2 108   1   11.17    3.00  DataMissing   2020022815    2020080800      3
 109    2020012702   1 109   1    9.93    4.50  2020022814    2020033009    2020080800      2
 110    2020012900   2 110   1   10.92    4.50  2020040101    2020100101    2020080800      4
 111    2020013115   1 111   1   10.83    3.00  2020032615    DataMissing   2022080800      3
 112    2020013118   1 112   1   10.65    3.00  2020032615    DataMissing   2022080800      3
 113    2020013118   1 113   1   10.89    3.00  2020032615    DataMissing   2022080800      3
 114    2020020203   1 114   1   10.06    3.00  2020032005    2020050314    2022080800      2
 115    2020020416   1 115   1   10.10    3.00  2020022518    2020032710    2020062014      1
 116    2020020600   2 116   1   11.19    2.00  2020030316    2020043009    2020080800      3
 117    2020020712   1 117   1   10.83    3.20  2020033009    2020033009    2020080800      1
 118    2020021201   2 118   1   10.79    4.50  2020030301    2020050314    2022080800      4
 119    2020021518   1 119   1   11.70    3.00  2020031619    2020050314    2022080800      3
 120    2020021518   1 120   1   12.35    3.00  2020031619    2020050314    2022080800      3
 121    2020021518   1 121   1   12.38    3.00  2020031619    2020050314    2022080800      3
 122    2020021814   1 122   1   12.16    4.00  2020030614    2020050314    2022080800      4
 123    2020022518   1 123   1   12.73    3.00  2020031907    2020041708    2022080800      1
 124    2020022901   1 124   1   13.13    2.70  2020032221    2020043009    2020080800      3
 125    2020022901   1 125   1   12.87    2.70  2020032221    2020043009    2020080800      3
 126    2020022901   1 126   1   12.72    2.70  2020032221    2020043009    2020080800      3
 127    2020030301   2 127   1   12.35    1.50  2020032404    DataMissing   2022080800      4
 128    2020030316   2 128   1   13.35    1.50  DataMissing   2020040405    2020080800      3
 129    2020030614   1 129   1   12.54    4.50  DataMissing   2020040721    2020080800      4
 130    2020031311   2 130   1   13.07    3.00  2020032419    2020050314    2022080800      4
 131    2020031421   2 131   1   13.31    3.00  DataMissing   2020041517    2020080800      3
 132    2020031619   1 132   1   12.76    3.00  2020040905    DataMissing   2022080800      3
 133    2020031619   1 133   1   12.19    3.00  2020040905    DataMissing   2022080800      3
 134    2020031619   1 134   1   12.81    3.00  2020040905    DataMissing   2022080800      3
 135    2020031906   1 135   1   11.47    3.00  2020032915    2020042915    2020080800      1
 136    2020032005   2 136   1   11.93    2.50  2020041014    2020100101    2020080800      3
 137    2020032106   2 137   1   12.77    4.50  2020033017    DataMissing   2022080800      4
 138    2020032221   1 138   1   13.30    2.70  2020040506    2020100101    2020080800      3
 139    2020032221   1 139   1   13.05    2.70  2020040506    2020100101    2020080800      3
 140    2020032221   1 140   1   13.12    2.70  2020040506    2020100101    2020080800      3
 141    2020032404   2 141   1   12.05    2.00  2020040614    DataMissing   2022080800      4
 142    2020032502   2 142   1   12.55    4.50  2020041501    DataMissing   2022080800      4
 143    2020032615   1 143   1   12.99    2.30  2020041317    DataMissing   2022080800      3
 144    2020032615   1 144   1   12.65    2.30  2020041317    DataMissing   2022080800      3
 145    2020032615   1 145   1   12.75    2.30  2020041317    DataMissing   2022080800      3
 146    2020032811   1 146   1   12.49    3.20  2020040803    DataMissing   2022080800      1
 147    2020032915   1 147   1   12.29    3.00  DataMissing   DataMissing   2022080800      1
 148    2020032913   1 148   1   12.20    2.00  DataMissing   2020100101    2020080800      3
 149    2020033017   2 149   1   11.49    4.50  2020041709    DataMissing   2022080800      4
 150    2020040101   2 150   1   11.89    3.00  2020041202    DataMissing   2022080800      4
 151    2020040222   2 151   1   11.68    5.00  2020041014    DataMissing   2022080800      3
 152    2020040404   2 152   1   11.40    3.00  2020041814    DataMissing   2022080800      3
 153    2020040506   1 153   1   12.23    3.00  2020042001    2020100101    2020080800      3
 154    2020040506   1 154   1   12.16    3.00  2020042001    2020100101    2020080800      3
 155    2020040506   1 155   1   12.37    3.00  2020042001    2020100101    2020080800      3
 156    2020040614   2 156   1   11.56    3.00  2020041700    DataMissing   2022080800      4
 157    2020040803   1 157   1   12.73    3.20  2020041805    DataMissing   2022080800      1
 158    2020040905   1 158   1   11.92    2.30  2020042111    DataMissing   2022080800      3
 159    2020040905   1 159   1   12.05    2.30  2020042111    DataMissing   2022080800      3
 160    2020040905   1 160   1   12.41    2.30  2020042111    DataMissing   2022080800      3
 161    2020041014   1 161   1   10.81    4.50  2020042221    DataMissing   2022080800      4
 162    2020041215   1 162   1   11.80    3.00  2020042304    DataMissing   2022080800      1
 163    2020041202   2 163   1   12.10    2.00  2020042421    DataMissing   2022080800      4
 164    2020041501   2 164   1   12.32    4.50  2020042701    DataMissing   2022080800      4
 165    2020041317   1 165   1   12.60    1.50  2020042804    2020100101    2020080800      3
 166    2020041318   1 166   1   12.05    1.50  2020042804    2020100101    2020080800      3
 167    2020041318   1 167   1   12.98    1.50  2020042804    2020100101    2020080800      3
 168    2020041506   1 168   1   12.04    2.25  2020042923    DataMissing   2022080800      3
 169    2020041701   2 169   1   11.20    1.50  2020050317    DataMissing   2022080800      4
 170    2020041709   2 170   1   12.41    3.00  2020042604    2020100101    2020080800      4
 171    2020041805   1 171   1   11.81    3.20  2020043003    DataMissing   2022080800      1
 172    2020041814   4 172   1   12.69    2.00  DataMissing   2020100101    2020080800      3
 173    2020042001   1 173   1   12.35    3.00  2020050916    DataMissing   2022080800      3
 174    2020042001   1 174   1   12.27    3.00  2020050916    DataMissing   2022080800      3
 175    2020042001   1 175   1   13.62    3.00  2020050916    DataMissing   2022080800      3
 176    2020042111   1 176   1   12.49    1.50  DataMissing   DataMissing   2022080800      3
 177    2020042111   1 177   1   12.54    1.50  2020050111    DataMissing   2022080800      3
 178    2020042111   1 178   1   12.68    1.50  2020050123    DataMissing   2022080800      3
 179    2020042221   1 179   1   11.43    4.50  DataMissing   2020100101    2020080800      4
 180    2020042304   1 180   1   12.42    3.00  2020043022    2020100101    2020080800      1
 181    2020042604   2 181   1   11.68    2.00  DataMissing   DataMissing   2022080800      4
 182    2020042421   2 182   1   12.21    4.50  DataMissing   DataMissing   2022080800      4
 183    2020042701   2 183   1   12.21    4.50  2020050417    DataMissing   2022080800      4
 184    2020042706   1 184   1   12.47    3.15  DataMissing   DataMissing   2022080800      1
 185    2020042804   1 185   1   12.92    3.00  DataMissing   DataMissing   2022080800      3
 186    2020042804   1 186   1   11.93    3.00  DataMissing   DataMissing   2022080800      3
 187    2020042804   1 187   1   12.52    3.00  DataMissing   DataMissing   2022080800      3
 188    2020042923   1 188   1   12.39    3.00  DataMissing   2020100101    2020080800      3
 189    2020042923   1 189   1   13.23    3.00  DataMissing   2020100101    2020080800      3
 190    2020043003   1 190   1   12.42    3.00  DataMissing   2020100101    2020080800      1
 191    2020043022   1 191   1   11.58    2.50  DataMissing   DataMissing   2022080800      1
 192    2020050206   1 192   1   11.78    3.00  2020051121    DataMissing   2022080800      3
 193    2020050206   1 193   1   11.57    3.00  2020051121    DataMissing   2022080800      3
 194    2020050206   1 194   1   12.18    3.00  2020051121    DataMissing   2022080800      3
 195    2020050416   2 195   1   12.49    1.50  DataMissing   DataMissing   2022080800      4
 196    2020050317   2 196   1   12.10    3.00  DataMissing   DataMissing   2022080800      4
 197    2020050707   1 197   1   12.07    2.50  DataMissing   DataMissing   2022080800      3
 198    2020050722   2 198   1   12.94    3.00  DataMissing   DataMissing   2022080800      4
 199    2020050816   1 199   1   12.39    2.20  DataMissing   DataMissing   2022080800      1
 200    2020050915   1 200   1   13.41    2.00  DataMissing   DataMissing   2022080800      3
 201    2020050915   1 201   1   12.17    2.00  DataMissing   DataMissing   2022080800      3
 202    2020050915   1 202   1   13.31    2.00  DataMissing   DataMissing   2022080800      3
 203    2020050905   1 203   1   12.31    3.00  DataMissing   DataMissing   2022080800      2
 204    2020051008   2 204   1   15.00    4.50  DataMissing   DataMissing   2022080800      4
 205    2020051120   1 205   1   12.37    4.50  DataMissing   DataMissing   2022080800      3
 206    2020051120   1 206   1   11.28    4.50  DataMissing   DataMissing   2022080800      3
 207    2020051120   1 207   1   13.32    4.50  DataMissing   DataMissing   2022080800      3
