[2023-04-07 19:55:28.047] [INFO] [constant] - ................写入保温计算所需数据文件....................
[2023-04-30 18:01:25.488] [INFO] [constant] - 内部温度 2 值列表:[26.0, 24.0, 23.0, 22.0, 21.0, 25.0, 21.0, 24.0, 25.0, 26.0, 26.0, 24.0, 23.0, 22.0, 21.0, 25.0, 21.0, 24.0, 25.0, 26.0]
[2023-04-30 18:03:26.882] [INFO] [constant] - 内部温度 2 值列表:[26.0, 24.0, 23.0, 22.0, 21.0, 25.0, 21.0, 24.0, 25.0, 26.0, 26.0, 24.0, 23.0, 22.0, 21.0, 25.0, 21.0, 24.0, 25.0, 26.0]
[2023-04-30 18:05:04.025] [INFO] [constant] - 内部温度 2 值列表:[26.0, 24.0, 23.0, 22.0, 21.0, 25.0, 21.0, 24.0, 25.0, 26.0, 26.0, 24.0, 23.0, 22.0, 21.0, 25.0, 21.0, 24.0, 25.0, 26.0]
[2023-04-30 18:06:21.977] [INFO] [constant] - 内部温度 2 值列表:[15.93, 100.0, 100.0, 100.0, 100.0, 100.0, 100.0, 100.0, 100.0, 100.0, 100.0, 100.0, 100.0, 100.0, 100.0, 100.0, 100.0, 100.0, 100.0, 100.0]
[2023-04-30 18:28:24.874] [INFO] [constant] - 内部温度 2 值列表:[15.93, 100.0, 100.0, 100.0, 100.0, 100.0, 100.0, 100.0, 100.0, 100.0, 100.0, 100.0, 100.0, 100.0, 100.0, 100.0, 100.0, 100.0, 100.0, 100.0]
[2024-05-22 10:29:07.498] [INFO] [constant] - 内部温度 223 值列表:[15.93, 100.0, 100.0, 100.0, 100.0, 100.0, 100.0, 100.0, 100.0, 100.0, 100.0, 100.0, 100.0, 100.0, 100.0, 100.0, 100.0, 100.0, 100.0, 100.0]
[2024-05-22 10:30:52.525] [INFO] [constant] - 内部温度 223 值列表:[15.93, 100.0, 100.0, 100.0, 100.0, 100.0, 100.0, 100.0, 100.0, 100.0, 100.0, 100.0, 100.0, 100.0, 100.0, 100.0, 100.0, 100.0, 100.0, 100.0]
[2024-06-08 13:47:08.437] [INFO] [constant] - 内部温度 223 值列表:[15.93, 100.0, 100.0, 100.0, 100.0, 100.0, 100.0, 100.0, 100.0, 100.0, 100.0, 100.0, 100.0, 100.0, 100.0, 100.0, 100.0, 100.0, 100.0, 100.0]
[2024-06-08 13:49:09.480] [INFO] [constant] - 内部温度 18 值列表:[15.93, 100.0, 100.0, 100.0, 100.0, 100.0, 100.0, 100.0, 100.0, 100.0, 100.0, 100.0, 100.0, 100.0, 100.0, 100.0, 100.0, 100.0, 100.0, 100.0]
[2024-06-08 13:49:26.336] [INFO] [constant] - 内部温度 18 值列表:[15.93, 100.0, 100.0, 100.0, 100.0, 100.0, 100.0, 100.0, 100.0, 100.0, 100.0, 100.0, 100.0, 100.0, 100.0, 100.0, 100.0, 100.0, 100.0, 100.0]
[2024-06-08 13:49:46.802] [INFO] [constant] - 内部温度 18 值列表:[15.93, 100.0, 100.0, 100.0, 100.0, 100.0, 100.0, 100.0, 100.0, 100.0, 100.0, 100.0, 100.0, 100.0, 100.0, 100.0, 100.0, 100.0, 100.0, 100.0]
[2024-06-08 13:49:54.836] [INFO] [constant] - 内部温度 18 值列表:[15.93, 100.0, 100.0, 100.0, 100.0, 100.0, 100.0, 100.0, 100.0, 100.0, 100.0, 100.0, 100.0, 100.0, 100.0, 100.0, 100.0, 100.0, 100.0, 100.0]
[2024-06-08 13:51:07.210] [INFO] [constant] - 内部温度 18 值列表:[15.93, 100.0, 100.0, 100.0, 100.0, 100.0, 100.0, 100.0, 100.0, 100.0, 100.0, 100.0, 100.0, 100.0, 100.0, 100.0, 100.0, 100.0, 100.0, 100.0]
[2024-06-08 13:51:07.265] [INFO] [constant] - XHD-43-L下测控地址为18,通道号为1,编号为XHD-43-左-上的内部温度计获取到温度数据:15.93
[2024-06-08 13:51:07.268] [INFO] [constant] - XHD-43-L下测控地址为18,通道号为1,编号为XHD-43-左-上的内部温度计获取到温度数据:15.93
[2024-06-08 13:51:43.130] [INFO] [constant] - 内部温度 18 值列表:[15.93, 15.93, 15.93, 15.93, 15.93, 15.93, 15.93, 15.93, 15.93, 15.93, 15.93, 15.93, 15.93, 15.93, 100.0, 100.0, 100.0, 100.0, 100.0, 100.0]
[2024-06-08 13:51:53.220] [INFO] [constant] - XHD-43-R下测控地址为18,通道号为12,编号为XHD-43-右-下的内部温度计获取到温度数据:15.93
[2024-06-08 13:51:53.263] [INFO] [constant] - XHD-43-R下测控地址为18,通道号为13,编号为XHD-43-右-上的内部温度计获取到温度数据:15.93
[2024-06-08 13:51:53.297] [INFO] [constant] - XHD-43-L下测控地址为18,通道号为1,编号为XHD-43-左-上的内部温度计获取到温度数据:15.93
[2024-06-08 13:51:53.333] [INFO] [constant] - XHD-43-L下测控地址为18,通道号为2,编号为XHD-43-左-下的内部温度计获取到温度数据:15.93
[2024-06-08 13:51:53.381] [INFO] [constant] - XHD-30-D下测控地址为18,通道号为11,编号为XHD-30-D的内部温度计获取到温度数据:15.93
[2024-06-08 13:52:26.973] [INFO] [constant] - 内部温度 18 值列表:[15.93, 15.93, 15.93, 15.93, 15.93, 15.93, 15.93, 15.93, 15.93, 15.93, 15.93, 15.93, 15.93, 15.93, 100.0, 100.0, 100.0, 100.0, 100.0, 100.0]
[2024-06-08 13:53:07.297] [INFO] [constant] - XHD-43-R下测控地址为18,通道号为12,编号为XHD-43-右-下的内部温度计获取到温度数据:15.93
[2024-06-08 13:53:07.360] [INFO] [constant] - XHD-43-R下测控地址为18,通道号为13,编号为XHD-43-右-上的内部温度计获取到温度数据:15.93
[2024-06-08 13:53:07.425] [INFO] [constant] - XHD-43-L下测控地址为18,通道号为1,编号为XHD-43-左-上的内部温度计获取到温度数据:15.93
[2024-06-08 13:53:07.479] [INFO] [constant] - XHD-43-L下测控地址为18,通道号为2,编号为XHD-43-左-下的内部温度计获取到温度数据:15.93
[2024-06-08 13:53:07.545] [INFO] [constant] - XHD-30-D下测控地址为18,通道号为11,编号为XHD-30-D的内部温度计获取到温度数据:15.93
[2024-06-08 13:54:09.343] [INFO] [constant] - 内部温度 18 值列表:[15.93, 15.93, 15.93, 15.93, 15.93, 15.93, 15.93, 15.93, 15.93, 15.93, 15.93, 15.93, 15.93, 15.93, 100.0, 100.0, 100.0, 100.0, 100.0, 100.0]
[2024-06-08 13:55:27.373] [INFO] [constant] - 内部温度 18 值列表:[15.93, 15.93, 15.93, 15.93, 15.93, 15.93, 15.93, 15.93, 15.93, 15.93, 15.93, 15.93, 15.93, 15.93, 100.0, 100.0, 100.0, 100.0, 100.0, 100.0]
[2024-06-08 13:55:28.002] [INFO] [constant] - XHD-43-R下测控地址为18,通道号为12,编号为XHD-43-右-下的内部温度计获取到温度数据:15.93
[2024-06-08 13:55:28.041] [INFO] [constant] - XHD-43-R下测控地址为18,通道号为13,编号为XHD-43-右-上的内部温度计获取到温度数据:15.93
[2024-06-08 13:55:28.077] [INFO] [constant] - XHD-43-L下测控地址为18,通道号为1,编号为XHD-43-左-上的内部温度计获取到温度数据:15.93
[2024-06-08 13:55:28.134] [INFO] [constant] - XHD-43-L下测控地址为18,通道号为2,编号为XHD-43-左-下的内部温度计获取到温度数据:15.93
[2024-06-08 13:55:28.172] [INFO] [constant] - XHD-30-D下测控地址为18,通道号为11,编号为XHD-30-D的内部温度计获取到温度数据:15.93
[2024-06-08 13:56:08.090] [INFO] [constant] - 内部温度 18 值列表:[15.93, 15.93, 15.93, 15.93, 15.93, 15.93, 15.93, 15.93, 15.93, 15.93, 15.93, 15.93, 15.93, 15.93, 100.0, 100.0, 100.0, 100.0, 100.0, 100.0]
[2024-06-08 13:56:08.789] [INFO] [constant] - XHD-43-R下测控地址为18,通道号为12,编号为XHD-43-右-下的内部温度计获取到温度数据:15.93
[2024-06-08 13:56:08.839] [INFO] [constant] - XHD-43-R下测控地址为18,通道号为13,编号为XHD-43-右-上的内部温度计获取到温度数据:15.93
[2024-06-08 13:56:08.878] [INFO] [constant] - XHD-43-L下测控地址为18,通道号为1,编号为XHD-43-左-上的内部温度计获取到温度数据:15.93
[2024-06-08 13:56:08.925] [INFO] [constant] - XHD-43-L下测控地址为18,通道号为2,编号为XHD-43-左-下的内部温度计获取到温度数据:15.93
[2024-06-08 13:56:08.962] [INFO] [constant] - XHD-30-D下测控地址为18,通道号为11,编号为XHD-30-D的内部温度计获取到温度数据:15.93
